2026-02-23 04:10:14 [INFO]: Server started on port 5000
2026-02-23 04:10:44 [INFO]: GET /api/users/me - IP: ::1
2026-02-23 04:10:44 [INFO]: GET /api/users/me - IP: ::1
2026-02-23 04:10:45 [INFO]: GET /api/stats/summary?year=2026&month=2 - IP: ::1
2026-02-23 04:10:45 [INFO]: GET /api/stats/summary?year=2026&month=2 - IP: ::1
2026-02-23 04:10:52 [INFO]: GET /api/category/category-list - IP: ::1
2026-02-23 04:10:52 [INFO]: GET /api/transaction/transactions-list - IP: ::1
2026-02-23 04:10:52 [INFO]: GET /api/category/category-list - IP: ::1
2026-02-23 04:10:52 [INFO]: GET /api/transaction/transactions-list - IP: ::1
2026-02-23 04:11:38 [INFO]: GET /api/users/me - IP: ::1
2026-02-23 04:11:38 [INFO]: GET /api/users/me - IP: ::1
2026-02-23 04:11:39 [INFO]: GET /api/stats/summary?year=2026&month=2 - IP: ::1
2026-02-23 04:11:39 [INFO]: GET /api/stats/summary?year=2026&month=2 - IP: ::1
2026-02-23 04:11:43 [INFO]: GET /api/transaction/transactions-list - IP: ::1
2026-02-23 04:11:43 [INFO]: GET /api/category/category-list - IP: ::1
2026-02-23 04:11:43 [INFO]: GET /api/transaction/transactions-list - IP: ::1
2026-02-23 04:11:43 [INFO]: GET /api/category/category-list - IP: ::1
2026-02-23 04:23:01 [INFO]: GET /api/users/me - IP: ::1
2026-02-23 04:23:01 [INFO]: GET /api/users/me - IP: ::1
2026-02-23 04:23:02 [INFO]: GET /api/stats/summary?year=2026&month=2 - IP: ::1
2026-02-23 04:23:02 [INFO]: GET /api/stats/summary?year=2026&month=2 - IP: ::1
2026-02-23 04:23:06 [INFO]: GET /api/transaction/transactions-list - IP: ::1
2026-02-23 04:23:06 [INFO]: GET /api/category/category-list - IP: ::1
2026-02-23 04:23:06 [INFO]: GET /api/transaction/transactions-list - IP: ::1
2026-02-23 04:23:06 [INFO]: GET /api/category/category-list - IP: ::1
2026-02-23 04:23:19 [INFO]: POST /api/transaction - IP: ::1
2026-02-23 04:23:19 [ERROR]: Error: "note" is not allowed to be empty
    at Module.addTransaction (file:///C:/Users/Dell/Desktop/MoneyTracker/backend/src/modules/transaction/transaction.service.js:9:13)
    at file:///C:/Users/Dell/Desktop/MoneyTracker/backend/src/modules/transaction/transaction.controller.js:8:39
    at file:///C:/Users/Dell/Desktop/MoneyTracker/backend/src/utils/asyncHandler.js:3:21
    at Layer.handleRequest (C:\Users\Dell\Desktop\MoneyTracker\backend\node_modules\router\lib\layer.js:152:17)
    at next (C:\Users\Dell\Desktop\MoneyTracker\backend\node_modules\router\lib\route.js:157:13)
    at Route.dispatch (C:\Users\Dell\Desktop\MoneyTracker\backend\node_modules\router\lib\route.js:117:3)
    at handle (C:\Users\Dell\Desktop\MoneyTracker\backend\node_modules\router\index.js:435:11)
    at Layer.handleRequest (C:\Users\Dell\Desktop\MoneyTracker\backend\node_modules\router\lib\layer.js:152:17)
    at C:\Users\Dell\Desktop\MoneyTracker\backend\node_modules\router\index.js:295:15
    at processParams (C:\Users\Dell\Desktop\MoneyTracker\backend\node_modules\router\index.js:582:12)
2026-02-23 04:25:34 [INFO]: POST /api/transaction - IP: ::1
2026-02-23 04:35:24 [INFO]: GET /api/users/me - IP: ::1
2026-02-23 04:35:24 [INFO]: GET /api/users/me - IP: ::1
2026-02-23 04:35:25 [INFO]: GET /api/stats/summary?year=2026&month=2 - IP: ::1
2026-02-23 04:35:25 [INFO]: GET /api/stats/summary?year=2026&month=2 - IP: ::1
2026-02-23 04:35:32 [INFO]: GET /api/transaction/transactions-list - IP: ::1
2026-02-23 04:35:32 [INFO]: GET /api/category/category-list - IP: ::1
2026-02-23 04:35:32 [INFO]: GET /api/category/category-list - IP: ::1
2026-02-23 04:35:32 [INFO]: GET /api/transaction/transactions-list - IP: ::1
2026-02-23 04:36:16 [INFO]: POST /api/transaction - IP: ::1
2026-02-23 04:36:25 [INFO]: POST /api/users/login - IP: ::1
2026-02-23 04:36:26 [INFO]: Login attempt: appu@gmail.com
2026-02-23 04:36:26 [INFO]: User logged in: appu@gmail.com
2026-02-23 04:36:30 [INFO]: POST /api/transaction - IP: ::1
2026-02-23 04:36:30 [ERROR]: Error: "note" is not allowed to be empty
    at Module.addTransaction (file:///C:/Users/Dell/Desktop/MoneyTracker/backend/src/modules/transaction/transaction.service.js:9:13)
    at file:///C:/Users/Dell/Desktop/MoneyTracker/backend/src/modules/transaction/transaction.controller.js:8:39
    at file:///C:/Users/Dell/Desktop/MoneyTracker/backend/src/utils/asyncHandler.js:3:21
    at Layer.handleRequest (C:\Users\Dell\Desktop\MoneyTracker\backend\node_modules\router\lib\layer.js:152:17)
    at next (C:\Users\Dell\Desktop\MoneyTracker\backend\node_modules\router\lib\route.js:157:13)
    at Route.dispatch (C:\Users\Dell\Desktop\MoneyTracker\backend\node_modules\router\lib\route.js:117:3)
    at handle (C:\Users\Dell\Desktop\MoneyTracker\backend\node_modules\router\index.js:435:11)
    at Layer.handleRequest (C:\Users\Dell\Desktop\MoneyTracker\backend\node_modules\router\lib\layer.js:152:17)
    at C:\Users\Dell\Desktop\MoneyTracker\backend\node_modules\router\index.js:295:15
    at processParams (C:\Users\Dell\Desktop\MoneyTracker\backend\node_modules\router\index.js:582:12)
2026-02-23 04:37:59 [INFO]: Server started on port 5000
2026-02-23 04:38:04 [INFO]: POST /api/transaction - IP: ::1
2026-02-23 04:38:04 [ERROR]: Error: "note" is not allowed to be empty
    at Module.addTransaction (file:///C:/Users/Dell/Desktop/MoneyTracker/backend/src/modules/transaction/transaction.service.js:9:13)
    at file:///C:/Users/Dell/Desktop/MoneyTracker/backend/src/modules/transaction/transaction.controller.js:8:39
    at file:///C:/Users/Dell/Desktop/MoneyTracker/backend/src/utils/asyncHandler.js:3:21
    at Layer.handleRequest (C:\Users\Dell\Desktop\MoneyTracker\backend\node_modules\router\lib\layer.js:152:17)
    at next (C:\Users\Dell\Desktop\MoneyTracker\backend\node_modules\router\lib\route.js:157:13)
    at Route.dispatch (C:\Users\Dell\Desktop\MoneyTracker\backend\node_modules\router\lib\route.js:117:3)
    at handle (C:\Users\Dell\Desktop\MoneyTracker\backend\node_modules\router\index.js:435:11)
    at Layer.handleRequest (C:\Users\Dell\Desktop\MoneyTracker\backend\node_modules\router\lib\layer.js:152:17)
    at C:\Users\Dell\Desktop\MoneyTracker\backend\node_modules\router\index.js:295:15
    at processParams (C:\Users\Dell\Desktop\MoneyTracker\backend\node_modules\router\index.js:582:12)
2026-02-23 04:38:22 [INFO]: POST /api/transaction - IP: ::1
2026-02-23 04:38:22 [ERROR]: Error: "note" is not allowed to be empty
    at Module.addTransaction (file:///C:/Users/Dell/Desktop/MoneyTracker/backend/src/modules/transaction/transaction.service.js:9:13)
    at file:///C:/Users/Dell/Desktop/MoneyTracker/backend/src/modules/transaction/transaction.controller.js:8:39
    at file:///C:/Users/Dell/Desktop/MoneyTracker/backend/src/utils/asyncHandler.js:3:21
    at Layer.handleRequest (C:\Users\Dell\Desktop\MoneyTracker\backend\node_modules\router\lib\layer.js:152:17)
    at next (C:\Users\Dell\Desktop\MoneyTracker\backend\node_modules\router\lib\route.js:157:13)
    at Route.dispatch (C:\Users\Dell\Desktop\MoneyTracker\backend\node_modules\router\lib\route.js:117:3)
    at handle (C:\Users\Dell\Desktop\MoneyTracker\backend\node_modules\router\index.js:435:11)
    at Layer.handleRequest (C:\Users\Dell\Desktop\MoneyTracker\backend\node_modules\router\lib\layer.js:152:17)
    at C:\Users\Dell\Desktop\MoneyTracker\backend\node_modules\router\index.js:295:15
    at processParams (C:\Users\Dell\Desktop\MoneyTracker\backend\node_modules\router\index.js:582:12)
2026-02-23 04:38:44 [INFO]: Server started on port 5000
2026-02-23 04:38:48 [INFO]: POST /api/transaction - IP: ::1
2026-02-23 04:39:42 [INFO]: DELETE /api/transaction/697f956036da923c83f6c67d - IP: ::1
2026-02-23 04:40:13 [INFO]: POST /api/transaction - IP: ::1
2026-02-23 04:59:43 [INFO]: GET /api/users/me - IP: ::1
2026-02-23 04:59:43 [INFO]: GET /api/users/me - IP: ::1
2026-02-23 04:59:44 [INFO]: GET /api/stats/summary?year=2026&month=2 - IP: ::1
2026-02-23 04:59:44 [INFO]: GET /api/stats/summary?year=2026&month=2 - IP: ::1
2026-02-23 04:59:47 [INFO]: GET /api/transaction/transactions-list - IP: ::1
2026-02-23 04:59:47 [INFO]: GET /api/category/category-list - IP: ::1
2026-02-23 04:59:48 [INFO]: GET /api/transaction/transactions-list - IP: ::1
2026-02-23 04:59:48 [INFO]: GET /api/category/category-list - IP: ::1
2026-02-23 05:00:33 [INFO]: POST /api/transaction - IP: ::1
2026-02-23 05:41:49 [INFO]: GET /api/transaction/transactions-list - IP: ::1
2026-02-23 05:41:49 [INFO]: GET /api/category/category-list - IP: ::1
2026-02-23 05:41:49 [INFO]: GET /api/users/me - IP: ::1
2026-02-23 05:41:49 [INFO]: GET /api/transaction/transactions-list - IP: ::1
2026-02-23 05:41:49 [INFO]: GET /api/category/category-list - IP: ::1
2026-02-23 05:41:49 [INFO]: GET /api/users/me - IP: ::1
2026-02-23 05:41:49 [INFO]: GET /api/transaction/transactions-list - IP: ::1
2026-02-23 05:41:49 [INFO]: GET /api/category/category-list - IP: ::1
2026-02-23 05:41:49 [INFO]: GET /api/transaction/transactions-list - IP: ::1
2026-02-23 05:41:49 [INFO]: GET /api/category/category-list - IP: ::1
2026-02-23 05:42:58 [INFO]: GET /api/users/me - IP: ::1
2026-02-23 05:42:58 [INFO]: GET /api/users/me - IP: ::1
2026-02-23 05:42:59 [INFO]: GET /api/stats/summary?year=2026&month=2 - IP: ::1
2026-02-23 05:42:59 [INFO]: GET /api/stats/summary?year=2026&month=2 - IP: ::1
2026-02-23 05:43:13 [INFO]: GET /api/transaction/transactions-list - IP: ::1
2026-02-23 05:43:13 [INFO]: GET /api/category/category-list - IP: ::1
2026-02-23 05:43:13 [INFO]: GET /api/transaction/transactions-list - IP: ::1
2026-02-23 05:43:13 [INFO]: GET /api/category/category-list - IP: ::1
2026-02-23 05:43:22 [INFO]: GET /api/users/me - IP: ::1
2026-02-23 05:43:23 [INFO]: GET /api/users/me - IP: ::1
2026-02-23 05:43:41 [INFO]: POST /api/users/login - IP: ::1
2026-02-23 05:43:41 [INFO]: Login attempt: appu@gmail.com
2026-02-23 05:43:41 [INFO]: User logged in: appu@gmail.com
2026-02-23 05:43:41 [INFO]: GET /api/stats/summary?year=2026&month=2 - IP: ::1
2026-02-23 05:43:41 [INFO]: GET /api/stats/summary?year=2026&month=2 - IP: ::1
2026-02-23 05:43:56 [INFO]: GET /api/transaction/transactions-list - IP: ::1
2026-02-23 05:43:56 [INFO]: GET /api/category/category-list - IP: ::1
2026-02-23 05:43:56 [INFO]: GET /api/transaction/transactions-list - IP: ::1
2026-02-23 05:43:56 [INFO]: GET /api/category/category-list - IP: ::1
2026-02-23 05:44:45 [INFO]: GET /api/category/category-list - IP: ::1
2026-02-23 05:44:45 [INFO]: GET /api/category/category-list - IP: ::1
2026-02-23 05:45:00 [INFO]: GET /api/transaction/transactions-list - IP: ::1
2026-02-23 05:45:00 [INFO]: GET /api/category/category-list - IP: ::1
2026-02-23 05:45:00 [INFO]: GET /api/transaction/transactions-list - IP: ::1
2026-02-23 05:45:00 [INFO]: GET /api/category/category-list - IP: ::1
2026-02-23 05:57:21 [INFO]: GET /api/users/me - IP: ::1
2026-02-23 05:57:21 [INFO]: GET /api/users/me - IP: ::1
2026-02-23 05:57:22 [INFO]: GET /api/stats/summary?year=2026&month=2 - IP: ::1
2026-02-23 05:57:22 [INFO]: GET /api/stats/summary?year=2026&month=2 - IP: ::1
2026-02-23 05:57:36 [INFO]: GET /api/users/me - IP: ::1
2026-02-23 05:57:36 [INFO]: GET /api/users/me - IP: ::1
2026-02-23 05:57:37 [INFO]: GET /api/stats/summary?year=2026&month=2 - IP: ::1
2026-02-23 05:57:37 [INFO]: GET /api/stats/summary?year=2026&month=2 - IP: ::1
2026-02-23 05:57:49 [INFO]: GET /api/transaction/transactions-list - IP: ::1
2026-02-23 05:57:49 [INFO]: GET /api/category/category-list - IP: ::1
2026-02-23 05:57:49 [INFO]: GET /api/transaction/transactions-list - IP: ::1
2026-02-23 05:57:49 [INFO]: GET /api/category/category-list - IP: ::1
2026-02-23 06:02:32 [INFO]: GET /api/category/category-list - IP: ::1
2026-02-23 06:02:32 [INFO]: GET /api/category/category-list - IP: ::1
2026-02-23 06:03:06 [INFO]: POST /api/category - IP: ::1
2026-02-23 06:03:10 [INFO]: GET /api/transaction/transactions-list - IP: ::1
2026-02-23 06:03:10 [INFO]: GET /api/category/category-list - IP: ::1
2026-02-23 06:03:10 [INFO]: GET /api/transaction/transactions-list - IP: ::1
2026-02-23 06:03:10 [INFO]: GET /api/category/category-list - IP: ::1
2026-02-23 06:03:37 [INFO]: POST /api/transaction - IP: ::1
2026-02-23 06:03:51 [INFO]: GET /api/stats/summary?year=2026&month=2 - IP: ::1
2026-02-23 06:03:51 [INFO]: GET /api/stats/summary?year=2026&month=2 - IP: ::1
2026-02-23 07:16:31 [INFO]: GET /api/users/me - IP: ::1
2026-02-23 07:16:31 [INFO]: GET /api/users/me - IP: ::1
2026-02-23 07:18:18 [INFO]: GET /api/users/me - IP: ::1
2026-02-23 07:18:18 [INFO]: GET /api/stats/summary?year=2026&month=2 - IP: ::1
2026-02-23 07:18:18 [INFO]: GET /api/users/me - IP: ::1
2026-02-23 07:18:18 [INFO]: GET /api/stats/summary?year=2026&month=2 - IP: ::1
2026-02-23 07:18:18 [INFO]: GET /api/stats/summary?year=2026&month=2 - IP: ::1
2026-02-23 07:18:18 [INFO]: GET /api/stats/summary?year=2026&month=2 - IP: ::1
2026-02-23 10:12:53 [INFO]: Server started on port 5000
2026-02-23 10:13:40 [INFO]: GET /api/users/me - IP: ::1
2026-02-23 10:13:40 [INFO]: GET /api/users/me - IP: ::1
2026-02-23 10:32:49 [INFO]: GET /api/stats/summary?year=2026&month=2 - IP: ::1
2026-02-23 10:32:49 [INFO]: GET /api/stats/summary?year=2026&month=2 - IP: ::1
2026-02-23 10:32:51 [INFO]: GET /api/category/category-list - IP: ::1
2026-02-23 10:32:51 [INFO]: GET /api/transaction/transactions-list - IP: ::1
2026-02-23 10:32:51 [INFO]: GET /api/category/category-list - IP: ::1
2026-02-23 10:32:52 [INFO]: GET /api/transaction/transactions-list - IP: ::1
2026-02-23 10:36:03 [INFO]: GET /api/users/me - IP: ::1
2026-02-23 10:36:03 [INFO]: GET /api/users/me - IP: ::1
2026-02-23 10:36:28 [INFO]: GET /api/users/me - IP: ::1
2026-02-23 10:36:28 [INFO]: GET /api/users/me - IP: ::1
2026-02-23 10:36:39 [INFO]: GET /api/users/me - IP: ::1
2026-02-23 10:36:40 [INFO]: GET /api/users/me - IP: ::1
2026-02-23 10:36:58 [INFO]: POST /api/users/login - IP: ::1
2026-02-23 10:36:58 [INFO]: Login attempt: appu@gmail.com
2026-02-23 10:36:58 [INFO]: User logged in: appu@gmail.com
2026-02-23 11:02:27 [INFO]: Server started on port 5000
2026-02-23 11:05:36 [INFO]: GET /api/users/me - IP: ::1
2026-02-23 11:05:36 [INFO]: GET /api/users/me - IP: ::1
2026-02-23 11:07:48 [INFO]: GET /api/users/me - IP: ::1
2026-02-23 11:07:48 [INFO]: GET /api/users/me - IP: ::1
2026-02-23 11:07:59 [INFO]: GET /api/users/me - IP: ::1
2026-02-23 11:07:59 [INFO]: GET /api/users/me - IP: ::1
2026-02-23 11:08:29 [INFO]: GET /api/users/me - IP: ::1
2026-02-23 11:08:29 [INFO]: GET /api/users/me - IP: ::1
2026-02-23 11:08:44 [INFO]: POST /api/users/login - IP: ::1
2026-02-23 11:08:44 [INFO]: Login attempt: appu@gmail.com
2026-02-23 11:08:44 [INFO]: User logged in: appu@gmail.com
2026-02-23 11:09:19 [INFO]: GET /api/users/me - IP: ::1
2026-02-23 11:09:19 [INFO]: GET /api/users/me - IP: ::1
2026-02-23 11:09:38 [INFO]: POST /api/users/login - IP: ::1
2026-02-23 11:09:38 [INFO]: Login attempt: appu@gmail.com
2026-02-23 11:09:38 [INFO]: User logged in: appu@gmail.com
2026-02-23 11:11:54 [INFO]: GET /api/users/me - IP: ::1
2026-02-23 11:11:54 [INFO]: GET /api/users/me - IP: ::1
2026-02-23 11:11:55 [INFO]: GET /api/stats/summary?year=2026&month=2 - IP: ::1
2026-02-23 11:11:55 [INFO]: GET /api/stats/summary?year=2026&month=2 - IP: ::1
2026-02-23 11:20:43 [INFO]: POST /api/users/logout - IP: ::1
2026-02-23 11:21:00 [INFO]: POST /api/users/login - IP: ::1
2026-02-23 11:21:00 [INFO]: Login attempt: appu@gmail.com
2026-02-23 11:21:00 [INFO]: User logged in: appu@gmail.com
2026-02-23 11:21:00 [INFO]: GET /api/stats/summary?year=2026&month=2 - IP: ::1
2026-02-23 11:21:00 [INFO]: GET /api/stats/summary?year=2026&month=2 - IP: ::1
2026-02-23 11:21:06 [INFO]: GET /api/transaction/transactions-list - IP: ::1
2026-02-23 11:21:06 [INFO]: GET /api/category/category-list - IP: ::1
2026-02-23 11:21:06 [INFO]: GET /api/transaction/transactions-list - IP: ::1
2026-02-23 11:21:06 [INFO]: GET /api/category/category-list - IP: ::1
2026-02-23 11:21:16 [INFO]: GET /api/users/me - IP: ::1
2026-02-23 11:21:16 [INFO]: GET /api/users/me - IP: ::1
2026-02-23 11:21:17 [INFO]: GET /api/stats/summary?year=2026&month=2 - IP: ::1
2026-02-23 11:21:17 [INFO]: GET /api/stats/summary?year=2026&month=2 - IP: ::1
2026-02-23 11:32:37 [INFO]: GET /api/users/me - IP: ::1
2026-02-23 11:32:37 [INFO]: GET /api/users/me - IP: ::1
2026-02-23 11:32:38 [INFO]: GET /api/stats/summary?year=2026&month=2 - IP: ::1
2026-02-23 11:32:38 [INFO]: GET /api/stats/summary?year=2026&month=2 - IP: ::1
2026-02-23 11:32:55 [INFO]: GET /api/users/me - IP: ::1
2026-02-23 11:32:55 [INFO]: GET /api/users/me - IP: ::1
2026-02-23 11:32:56 [INFO]: GET /api/stats/summary?year=2026&month=2 - IP: ::1
2026-02-23 11:32:56 [INFO]: GET /api/stats/summary?year=2026&month=2 - IP: ::1
2026-02-23 11:33:07 [INFO]: GET /api/users/me - IP: ::1
2026-02-23 11:33:07 [INFO]: GET /api/users/me - IP: ::1
2026-02-23 11:33:18 [INFO]: GET /api/users/me - IP: ::1
2026-02-23 11:33:18 [INFO]: GET /api/users/me - IP: ::1
2026-02-23 11:33:33 [INFO]: GET /api/users/me - IP: ::1
2026-02-23 11:33:33 [INFO]: GET /api/users/me - IP: ::1
2026-02-23 11:33:40 [INFO]: POST /api/users/login - IP: ::1
2026-02-23 11:33:40 [INFO]: Login attempt: appu@gmail.com
2026-02-23 11:33:40 [INFO]: User logged in: appu@gmail.com
2026-02-23 11:33:40 [INFO]: GET /api/stats/summary?year=2026&month=2 - IP: ::1
2026-02-23 11:33:41 [INFO]: GET /api/stats/summary?year=2026&month=2 - IP: ::1
2026-02-23 13:27:25 [INFO]: GET /api/category/category-list - IP: ::1
2026-02-23 13:27:25 [INFO]: GET /api/category/category-list - IP: ::1
2026-02-23 13:27:28 [INFO]: GET /api/stats/summary?year=2026&month=2 - IP: ::1
2026-02-23 13:27:28 [INFO]: GET /api/stats/summary?year=2026&month=2 - IP: ::1
2026-02-23 13:27:31 [INFO]: GET /api/category/category-list - IP: ::1
2026-02-23 13:27:31 [INFO]: GET /api/category/category-list - IP: ::1
2026-02-23 13:27:34 [INFO]: GET /api/stats/summary?year=2026&month=2 - IP: ::1
2026-02-23 13:27:34 [INFO]: GET /api/stats/summary?year=2026&month=2 - IP: ::1
2026-02-23 13:30:49 [INFO]: GET /api/category/category-list - IP: ::1
2026-02-23 13:30:49 [INFO]: GET /api/category/category-list - IP: ::1
2026-02-23 13:30:51 [INFO]: GET /api/stats/summary?year=2026&month=2 - IP: ::1
2026-02-23 13:30:51 [INFO]: GET /api/stats/summary?year=2026&month=2 - IP: ::1
2026-02-23 13:31:04 [INFO]: GET /api/category/category-list - IP: ::1
2026-02-23 13:31:04 [INFO]: GET /api/category/category-list - IP: ::1
2026-02-23 13:31:09 [INFO]: GET /api/stats/summary?year=2026&month=2 - IP: ::1
2026-02-23 13:31:09 [INFO]: GET /api/stats/summary?year=2026&month=2 - IP: ::1
2026-02-23 13:33:21 [INFO]: GET /api/users/me - IP: ::1
2026-02-23 13:33:21 [INFO]: GET /api/users/me - IP: ::1
2026-02-23 13:33:22 [INFO]: GET /api/stats/summary?year=2026&month=2 - IP: ::1
2026-02-23 13:33:22 [INFO]: GET /api/stats/summary?year=2026&month=2 - IP: ::1
2026-02-23 13:33:33 [INFO]: GET /api/users/me - IP: ::1
2026-02-23 13:33:33 [INFO]: GET /api/users/me - IP: ::1
2026-02-23 13:33:34 [INFO]: GET /api/stats/summary?year=2026&month=2 - IP: ::1
2026-02-23 13:33:34 [INFO]: GET /api/stats/summary?year=2026&month=2 - IP: ::1
2026-02-23 13:39:18 [INFO]: GET /api/transaction/transactions-list - IP: ::1
2026-02-23 13:39:19 [INFO]: GET /api/category/category-list - IP: ::1
2026-02-23 13:39:19 [INFO]: GET /api/transaction/transactions-list - IP: ::1
2026-02-23 13:39:19 [INFO]: GET /api/category/category-list - IP: ::1
2026-02-23 13:39:36 [INFO]: DELETE /api/transaction/69986b36c331274a368d3192 - IP: ::1
2026-02-23 13:42:49 [INFO]: DELETE /api/transaction/699af820fa8e2a728b367eb2 - IP: ::1
2026-02-23 13:43:30 [INFO]: DELETE /api/transaction/699b8c80d72118c730d923d0 - IP: ::1
2026-02-23 13:43:36 [INFO]: DELETE /api/transaction/699b8cd5d72118c730d923d3 - IP: ::1
2026-02-23 13:46:03 [INFO]: GET /api/users/me - IP: ::1
2026-02-23 13:46:03 [INFO]: GET /api/users/me - IP: ::1
2026-02-23 13:46:04 [INFO]: GET /api/stats/summary?year=2026&month=2 - IP: ::1
2026-02-23 13:46:04 [INFO]: GET /api/stats/summary?year=2026&month=2 - IP: ::1
2026-02-23 13:46:11 [INFO]: GET /api/transaction/transactions-list - IP: ::1
2026-02-23 13:46:11 [INFO]: GET /api/category/category-list - IP: ::1
2026-02-23 13:46:11 [INFO]: GET /api/category/category-list - IP: ::1
2026-02-23 13:46:12 [INFO]: GET /api/transaction/transactions-list - IP: ::1
2026-02-23 13:46:20 [INFO]: GET /api/category/category-list - IP: ::1
2026-02-23 13:46:20 [INFO]: GET /api/category/category-list - IP: ::1
2026-02-23 13:46:22 [INFO]: GET /api/transaction/transactions-list - IP: ::1
2026-02-23 13:46:22 [INFO]: GET /api/category/category-list - IP: ::1
2026-02-23 13:46:22 [INFO]: GET /api/transaction/transactions-list - IP: ::1
2026-02-23 13:46:22 [INFO]: GET /api/category/category-list - IP: ::1
2026-02-23 16:04:09 [INFO]: GET /api/users/me - IP: ::1
2026-02-23 16:04:09 [INFO]: GET /api/users/me - IP: ::1
2026-02-23 16:04:10 [INFO]: GET /api/stats/summary?year=2026&month=2 - IP: ::1
2026-02-23 16:04:10 [INFO]: GET /api/stats/summary?year=2026&month=2 - IP: ::1
2026-02-23 16:05:37 [INFO]: GET /api/users/me - IP: ::1
2026-02-23 16:05:37 [INFO]: GET /api/users/me - IP: ::1
2026-02-23 16:05:38 [INFO]: GET /api/stats/summary?year=2026&month=2 - IP: ::1
2026-02-23 16:05:38 [INFO]: GET /api/stats/summary?year=2026&month=2 - IP: ::1
2026-02-23 16:51:32 [INFO]: GET /api/users/me - IP: ::1
2026-02-23 16:51:32 [INFO]: GET /api/transaction/transactions-list - IP: ::1
2026-02-23 16:51:32 [INFO]: GET /api/category/category-list - IP: ::1
2026-02-23 16:51:32 [INFO]: GET /api/users/me - IP: ::1
2026-02-23 16:51:33 [INFO]: GET /api/transaction/transactions-list - IP: ::1
2026-02-23 16:51:33 [INFO]: GET /api/category/category-list - IP: ::1
2026-02-23 16:51:33 [INFO]: GET /api/transaction/transactions-list - IP: ::1
2026-02-23 16:51:33 [INFO]: GET /api/category/category-list - IP: ::1
2026-02-23 16:51:33 [INFO]: GET /api/transaction/transactions-list - IP: ::1
2026-02-23 16:51:33 [INFO]: GET /api/category/category-list - IP: ::1
2026-02-23 16:51:54 [INFO]: GET /api/category/category-list - IP: ::1
2026-02-23 16:51:54 [INFO]: GET /api/category/category-list - IP: ::1
2026-02-23 16:53:16 [INFO]: GET /api/users/me - IP: ::1
2026-02-23 16:53:16 [INFO]: GET /api/users/me - IP: ::1
2026-02-23 16:53:17 [INFO]: GET /api/stats/summary?year=2026&month=2 - IP: ::1
2026-02-23 16:53:17 [INFO]: GET /api/stats/summary?year=2026&month=2 - IP: ::1
2026-02-23 16:53:37 [INFO]: GET /api/transaction/transactions-list - IP: ::1
2026-02-23 16:53:37 [INFO]: GET /api/category/category-list - IP: ::1
2026-02-23 16:53:37 [INFO]: GET /api/users/me - IP: ::1
2026-02-23 16:53:37 [INFO]: GET /api/transaction/transactions-list - IP: ::1
2026-02-23 16:53:37 [INFO]: GET /api/category/category-list - IP: ::1
2026-02-23 16:53:37 [INFO]: GET /api/users/me - IP: ::1
2026-02-23 16:53:37 [INFO]: GET /api/transaction/transactions-list - IP: ::1
2026-02-23 16:53:37 [INFO]: GET /api/category/category-list - IP: ::1
2026-02-23 16:53:38 [INFO]: GET /api/transaction/transactions-list - IP: ::1
2026-02-23 16:53:38 [INFO]: GET /api/category/category-list - IP: ::1
2026-02-23 16:53:49 [INFO]: POST /api/users/login - IP: ::1
2026-02-23 16:53:49 [INFO]: Login attempt: appu@gmail.com
2026-02-23 16:53:49 [INFO]: User logged in: appu@gmail.com
2026-02-23 16:53:49 [INFO]: GET /api/stats/summary?year=2026&month=2 - IP: ::1
2026-02-23 16:53:49 [INFO]: GET /api/stats/summary?year=2026&month=2 - IP: ::1
2026-02-23 16:53:57 [INFO]: GET /api/transaction/transactions-list - IP: ::1
2026-02-23 16:53:57 [INFO]: GET /api/category/category-list - IP: ::1
2026-02-23 16:53:57 [INFO]: GET /api/transaction/transactions-list - IP: ::1
2026-02-23 16:53:57 [INFO]: GET /api/category/category-list - IP: ::1
2026-02-23 16:54:38 [INFO]: GET /api/category/category-list - IP: ::1
2026-02-23 16:54:38 [INFO]: GET /api/category/category-list - IP: ::1
2026-02-23 16:54:40 [INFO]: GET /api/transaction/transactions-list - IP: ::1
2026-02-23 16:54:40 [INFO]: GET /api/category/category-list - IP: ::1
2026-02-23 16:54:40 [INFO]: GET /api/transaction/transactions-list - IP: ::1
2026-02-23 16:54:40 [INFO]: GET /api/category/category-list - IP: ::1
2026-02-23 16:55:17 [INFO]: GET /api/category/category-list - IP: ::1
2026-02-23 16:55:17 [INFO]: GET /api/category/category-list - IP: ::1
2026-02-23 16:55:26 [INFO]: GET /api/users/me - IP: ::1
2026-02-23 16:55:26 [INFO]: GET /api/users/me - IP: ::1
2026-02-23 16:55:40 [INFO]: POST /api/users/login - IP: ::1
2026-02-23 16:55:40 [INFO]: Login attempt: appu@gmail.com
2026-02-23 16:55:40 [INFO]: User logged in: appu@gmail.com
2026-02-23 16:55:40 [INFO]: GET /api/stats/summary?year=2026&month=2 - IP: ::1
2026-02-23 16:55:40 [INFO]: GET /api/stats/summary?year=2026&month=2 - IP: ::1
2026-02-23 16:55:52 [INFO]: GET /api/transaction/transactions-list - IP: ::1
2026-02-23 16:55:52 [INFO]: GET /api/category/category-list - IP: ::1
2026-02-23 16:55:52 [INFO]: GET /api/transaction/transactions-list - IP: ::1
2026-02-23 16:55:52 [INFO]: GET /api/category/category-list - IP: ::1
2026-02-23 17:00:41 [INFO]: GET /api/category/category-list - IP: ::1
2026-02-23 17:00:41 [INFO]: GET /api/category/category-list - IP: ::1
2026-02-23 17:00:47 [INFO]: GET /api/transaction/transactions-list - IP: ::1
2026-02-23 17:00:47 [INFO]: GET /api/category/category-list - IP: ::1
2026-02-23 17:00:47 [INFO]: GET /api/transaction/transactions-list - IP: ::1
2026-02-23 17:00:47 [INFO]: GET /api/category/category-list - IP: ::1
2026-02-23 17:07:12 [INFO]: GET /api/category/category-list - IP: ::1
2026-02-23 17:07:12 [INFO]: GET /api/category/category-list - IP: ::1
2026-02-23 17:07:15 [INFO]: GET /api/transaction/transactions-list - IP: ::1
2026-02-23 17:07:15 [INFO]: GET /api/category/category-list - IP: ::1
2026-02-23 17:07:15 [INFO]: GET /api/transaction/transactions-list - IP: ::1
2026-02-23 17:07:15 [INFO]: GET /api/category/category-list - IP: ::1
2026-02-23 17:09:33 [INFO]: GET /api/users/me - IP: ::1
2026-02-23 17:09:33 [INFO]: GET /api/users/me - IP: ::1
2026-02-23 17:09:34 [INFO]: GET /api/stats/summary?year=2026&month=2 - IP: ::1
2026-02-23 17:09:34 [INFO]: GET /api/stats/summary?year=2026&month=2 - IP: ::1
2026-02-23 17:09:39 [INFO]: GET /api/transaction/transactions-list - IP: ::1
2026-02-23 17:09:39 [INFO]: GET /api/category/category-list - IP: ::1
2026-02-23 17:09:39 [INFO]: GET /api/transaction/transactions-list - IP: ::1
2026-02-23 17:09:39 [INFO]: GET /api/category/category-list - IP: ::1
2026-02-23 17:12:51 [INFO]: GET /api/users/me - IP: ::1
2026-02-23 17:12:51 [INFO]: GET /api/users/me - IP: ::1
2026-02-23 17:12:52 [INFO]: GET /api/stats/summary?year=2026&month=2 - IP: ::1
2026-02-23 17:12:52 [INFO]: GET /api/stats/summary?year=2026&month=2 - IP: ::1
2026-02-23 17:13:02 [INFO]: GET /api/category/category-list - IP: ::1
2026-02-23 17:13:02 [INFO]: GET /api/category/category-list - IP: ::1
2026-02-23 17:13:10 [INFO]: GET /api/transaction/transactions-list - IP: ::1
2026-02-23 17:13:10 [INFO]: GET /api/category/category-list - IP: ::1
2026-02-23 17:13:10 [INFO]: GET /api/transaction/transactions-list - IP: ::1
2026-02-23 17:13:10 [INFO]: GET /api/category/category-list - IP: ::1
2026-02-23 17:15:41 [INFO]: GET /api/category/category-list - IP: ::1
2026-02-23 17:15:41 [INFO]: GET /api/category/category-list - IP: ::1
2026-02-23 17:15:50 [INFO]: GET /api/users/me - IP: ::1
2026-02-23 17:15:50 [INFO]: GET /api/users/me - IP: ::1
2026-02-23 17:15:51 [INFO]: GET /api/stats/summary?year=2026&month=2 - IP: ::1
2026-02-23 17:15:51 [INFO]: GET /api/stats/summary?year=2026&month=2 - IP: ::1
2026-02-23 17:15:56 [INFO]: GET /api/category/category-list - IP: ::1
2026-02-23 17:15:56 [INFO]: GET /api/category/category-list - IP: ::1
2026-02-23 17:16:22 [INFO]: GET /api/users/me - IP: ::1
2026-02-23 17:16:22 [INFO]: GET /api/users/me - IP: ::1
2026-02-23 17:16:24 [INFO]: GET /api/stats/summary?year=2026&month=2 - IP: ::1
2026-02-23 17:16:24 [INFO]: GET /api/stats/summary?year=2026&month=2 - IP: ::1
2026-02-23 17:17:03 [INFO]: GET /api/users/me - IP: ::1
2026-02-23 17:17:03 [INFO]: GET /api/users/me - IP: ::1
2026-02-23 17:17:13 [INFO]: POST /api/users/login - IP: ::1
2026-02-23 17:17:13 [INFO]: Login attempt: appu@gmail.com
2026-02-23 17:17:13 [INFO]: User logged in: appu@gmail.com
2026-02-23 17:17:14 [INFO]: GET /api/stats/summary?year=2026&month=2 - IP: ::1
2026-02-23 17:17:14 [INFO]: GET /api/stats/summary?year=2026&month=2 - IP: ::1
2026-02-23 17:17:23 [INFO]: GET /api/category/category-list - IP: ::1
2026-02-23 17:17:23 [INFO]: GET /api/category/category-list - IP: ::1
2026-02-23 17:17:30 [INFO]: GET /api/transaction/transactions-list - IP: ::1
2026-02-23 17:17:30 [INFO]: GET /api/category/category-list - IP: ::1
2026-02-23 17:17:30 [INFO]: GET /api/transaction/transactions-list - IP: ::1
2026-02-23 17:17:31 [INFO]: GET /api/category/category-list - IP: ::1
2026-02-23 18:22:34 [INFO]: GET /api/users/me - IP: ::1
2026-02-23 18:22:34 [INFO]: GET /api/users/me - IP: ::1
2026-02-23 18:22:35 [INFO]: GET /api/stats/summary?year=2026&month=2 - IP: ::1
2026-02-23 18:22:35 [INFO]: GET /api/stats/summary?year=2026&month=2 - IP: ::1
2026-02-23 18:34:45 [INFO]: GET /api/users/me - IP: ::1
2026-02-23 18:34:45 [INFO]: GET /api/users/me - IP: ::1
2026-02-23 18:34:54 [INFO]: GET /api/transaction/transactions-list - IP: ::1
2026-02-23 18:34:55 [INFO]: GET /api/category/category-list - IP: ::1
2026-02-23 18:34:55 [INFO]: GET /api/transaction/transactions-list - IP: ::1
2026-02-23 18:34:55 [INFO]: GET /api/category/category-list - IP: ::1
2026-02-23 18:35:21 [INFO]: Server started on port 5000
2026-02-23 18:37:11 [INFO]: GET /api/users/me - IP: ::1
2026-02-23 18:37:11 [INFO]: GET /api/users/me - IP: ::1
2026-02-23 18:37:36 [INFO]: GET /api/transaction/transactions-list - IP: ::1
2026-02-23 18:37:36 [INFO]: GET /api/category/category-list - IP: ::1
2026-02-23 18:37:36 [INFO]: GET /api/transaction/transactions-list - IP: ::1
2026-02-23 18:37:36 [INFO]: GET /api/category/category-list - IP: ::1
2026-02-23 18:37:45 [INFO]: GET /api/category/category-list - IP: ::1
2026-02-23 18:37:45 [INFO]: GET /api/category/category-list - IP: ::1
2026-02-23 18:38:02 [INFO]: GET /api/transaction/transactions-list - IP: ::1
2026-02-23 18:38:02 [INFO]: GET /api/category/category-list - IP: ::1
2026-02-23 18:38:02 [INFO]: GET /api/transaction/transactions-list - IP: ::1
2026-02-23 18:38:02 [INFO]: GET /api/category/category-list - IP: ::1
2026-02-23 18:39:45 [INFO]: GET /api/category/category-list - IP: ::1
2026-02-23 18:39:45 [INFO]: GET /api/category/category-list - IP: ::1
2026-02-23 18:39:49 [INFO]: GET /api/transaction/transactions-list - IP: ::1
2026-02-23 18:39:49 [INFO]: GET /api/category/category-list - IP: ::1
2026-02-23 18:39:49 [INFO]: GET /api/transaction/transactions-list - IP: ::1
2026-02-23 18:39:49 [INFO]: GET /api/category/category-list - IP: ::1
2026-02-23 18:42:36 [INFO]: POST /api/transaction - IP: ::1
2026-02-23 18:44:05 [INFO]: GET /api/users/me - IP: ::1
2026-02-23 18:44:05 [INFO]: GET /api/users/me - IP: ::1
2026-02-23 18:44:06 [INFO]: GET /api/stats/summary?year=2026&month=2 - IP: ::1
2026-02-23 18:44:06 [INFO]: GET /api/stats/summary?year=2026&month=2 - IP: ::1
2026-02-23 18:44:10 [INFO]: GET /api/category/category-list - IP: ::1
2026-02-23 18:44:10 [INFO]: GET /api/category/category-list - IP: ::1
2026-02-23 18:44:14 [INFO]: GET /api/transaction/transactions-list - IP: ::1
2026-02-23 18:44:14 [INFO]: GET /api/category/category-list - IP: ::1
2026-02-23 18:44:14 [INFO]: GET /api/transaction/transactions-list - IP: ::1
2026-02-23 18:44:14 [INFO]: GET /api/category/category-list - IP: ::1
2026-02-23 18:45:27 [INFO]: DELETE /api/transaction/699c52448f802e418643560b - IP: ::1
2026-02-23 18:45:30 [INFO]: DELETE /api/transaction/699b9199d72118c730d923e1 - IP: ::1
2026-02-23 18:45:34 [INFO]: DELETE /api/transaction/699af8508c8eaeb612070427 - IP: ::1
2026-02-23 18:45:36 [INFO]: DELETE /api/transaction/699b896684b02ab87df5ee31 - IP: ::1
2026-02-23 18:45:39 [INFO]: DELETE /api/transaction/699ba061d72118c730d92437 - IP: ::1
2026-02-23 18:45:42 [INFO]: DELETE /api/transaction/6984746124ebfc0ddf0569e4 - IP: ::1
2026-02-23 18:45:47 [INFO]: DELETE /api/transaction/698473d024ebfc0ddf0569d6 - IP: ::1
2026-02-23 18:45:49 [INFO]: DELETE /api/transaction/6984743724ebfc0ddf0569e2 - IP: ::1
2026-02-23 18:45:52 [INFO]: DELETE /api/transaction/697f95a336da923c83f6c683 - IP: ::1
2026-02-23 18:45:55 [INFO]: DELETE /api/transaction/697f958a36da923c83f6c681 - IP: ::1
2026-02-23 18:46:13 [INFO]: GET /api/category/category-list - IP: ::1
2026-02-23 18:46:13 [INFO]: GET /api/category/category-list - IP: ::1
2026-02-23 18:46:52 [INFO]: GET /api/transaction/transactions-list - IP: ::1
2026-02-23 18:46:52 [INFO]: GET /api/category/category-list - IP: ::1
2026-02-23 18:46:52 [INFO]: GET /api/transaction/transactions-list - IP: ::1
2026-02-23 18:46:52 [INFO]: GET /api/category/category-list - IP: ::1
2026-02-23 18:46:56 [INFO]: DELETE /api/transaction/697c061f0ad6b59874d9276e - IP: ::1
2026-02-23 18:46:58 [INFO]: DELETE /api/transaction/697ccd6261a07afad8f659a0 - IP: ::1
2026-02-23 18:47:01 [INFO]: DELETE /api/transaction/697c05c9971683c8c5837ad8 - IP: ::1
2026-02-23 18:47:05 [INFO]: GET /api/category/category-list - IP: ::1
2026-02-23 18:47:05 [INFO]: GET /api/category/category-list - IP: ::1
2026-02-23 18:47:08 [INFO]: GET /api/transaction/transactions-list - IP: ::1
2026-02-23 18:47:08 [INFO]: GET /api/category/category-list - IP: ::1
2026-02-23 18:47:08 [INFO]: GET /api/transaction/transactions-list - IP: ::1
2026-02-23 18:47:08 [INFO]: GET /api/category/category-list - IP: ::1
2026-02-23 18:47:20 [INFO]: GET /api/transaction/transactions-list - IP: ::1
2026-02-23 18:47:20 [INFO]: GET /api/category/category-list - IP: ::1
2026-02-23 18:47:20 [INFO]: GET /api/transaction/transactions-list - IP: ::1
2026-02-23 18:47:20 [INFO]: GET /api/category/category-list - IP: ::1
2026-02-23 18:47:55 [INFO]: GET /api/transaction/transactions-list - IP: ::1
2026-02-23 18:47:56 [INFO]: GET /api/category/category-list - IP: ::1
2026-02-23 18:48:08 [INFO]: GET /api/users/me - IP: ::1
2026-02-23 18:48:08 [INFO]: GET /api/users/me - IP: ::1
2026-02-23 18:48:09 [INFO]: GET /api/stats/summary?year=2026&month=2 - IP: ::1
2026-02-23 18:48:09 [INFO]: GET /api/stats/summary?year=2026&month=2 - IP: ::1
2026-02-23 18:48:24 [INFO]: GET /api/transaction/transactions-list - IP: ::1
2026-02-23 18:48:24 [INFO]: GET /api/category/category-list - IP: ::1
2026-02-23 18:48:24 [INFO]: GET /api/transaction/transactions-list - IP: ::1
2026-02-23 18:48:24 [INFO]: GET /api/category/category-list - IP: ::1
2026-02-23 18:48:58 [INFO]: POST /api/transaction - IP: ::1
2026-02-23 19:04:20 [INFO]: POST /api/transaction - IP: ::1
2026-02-23 19:04:50 [INFO]: GET /api/stats/summary?year=2026&month=2 - IP: ::1
2026-02-23 19:04:50 [INFO]: GET /api/stats/summary?year=2026&month=2 - IP: ::1
2026-02-23 19:05:34 [INFO]: GET /api/stats/summary?year=2026&month=1 - IP: ::1
2026-02-23 19:05:37 [INFO]: GET /api/stats/summary?year=2026&month=2 - IP: ::1
2026-02-23 19:09:01 [INFO]: GET /api/transaction/transactions-list - IP: ::1
2026-02-23 19:09:01 [INFO]: GET /api/category/category-list - IP: ::1
2026-02-23 19:09:01 [INFO]: GET /api/transaction/transactions-list - IP: ::1
2026-02-23 19:09:01 [INFO]: GET /api/category/category-list - IP: ::1
2026-02-23 20:17:06 [INFO]: POST /api/transaction - IP: ::1
2026-02-23 20:17:17 [INFO]: POST /api/transaction - IP: ::1
2026-02-23 20:17:31 [INFO]: POST /api/transaction - IP: ::1
2026-02-23 20:17:41 [INFO]: POST /api/transaction - IP: ::1
2026-02-23 20:17:51 [INFO]: POST /api/transaction - IP: ::1
2026-02-23 20:20:45 [INFO]: PUT /api/transaction/699c68758f802e418643566c - IP: ::1
2026-02-23 20:22:55 [INFO]: GET /api/category/category-list - IP: ::1
2026-02-23 20:22:55 [INFO]: GET /api/category/category-list - IP: ::1
2026-02-23 20:22:59 [INFO]: GET /api/transaction/transactions-list - IP: ::1
2026-02-23 20:22:59 [INFO]: GET /api/category/category-list - IP: ::1
2026-02-23 20:22:59 [INFO]: GET /api/transaction/transactions-list - IP: ::1
2026-02-23 20:22:59 [INFO]: GET /api/category/category-list - IP: ::1
