2026-03-02 09:29:05 [INFO]: Server started on port 5000
2026-03-02 09:30:36 [INFO]: GET /api/users/me - IP: ::1
2026-03-02 09:30:36 [INFO]: GET /api/users/me - IP: ::1
2026-03-02 09:30:36 [INFO]: POST /api/users/refresh - IP: ::1
2026-03-02 09:30:36 [INFO]: POST /api/users/refresh - IP: ::1
2026-03-02 09:30:39 [INFO]: GET /api/users/me - IP: ::1
2026-03-02 09:30:39 [INFO]: GET /api/users/me - IP: ::1
2026-03-02 09:30:39 [INFO]: POST /api/users/refresh - IP: ::1
2026-03-02 09:30:39 [INFO]: POST /api/users/refresh - IP: ::1
2026-03-02 09:34:58 [INFO]: Server started on port 5000
2026-03-02 09:35:09 [INFO]: Server started on port 5000
2026-03-02 11:21:38 [INFO]: Server started on port 5000
2026-03-02 11:44:19 [INFO]: Server started on port 5000
2026-03-02 11:44:43 [INFO]: Server started on port 5000
2026-03-02 12:41:14 [INFO]: GET /api/users/me - IP: ::1
2026-03-02 12:41:14 [INFO]: GET /api/users/me - IP: ::1
2026-03-02 12:41:14 [INFO]: POST /api/users/refresh - IP: ::1
2026-03-02 12:41:14 [INFO]: POST /api/users/refresh - IP: ::1
2026-03-02 12:41:21 [INFO]: POST /api/users/login - IP: ::1
2026-03-02 12:41:22 [INFO]: Login attempt: appu@gmail.com
2026-03-02 12:41:22 [INFO]: User logged in: appu@gmail.com
2026-03-02 12:41:22 [INFO]: GET /api/stats/summary?year=2026&month=2 - IP: ::1
2026-03-02 12:41:23 [INFO]: GET /api/stats/summary?year=2026&month=2 - IP: ::1
2026-03-02 12:41:32 [INFO]: POST /api/users/logout - IP: ::1
