2026-02-27 06:47:22 [INFO]: Server started on port 5000
2026-02-27 07:57:15 [INFO]: GET /api/users/me - IP: ::1
2026-02-27 07:57:16 [INFO]: GET /api/users/me - IP: ::1
2026-02-27 07:57:20 [INFO]: GET /api/users/me - IP: ::1
2026-02-27 07:57:20 [INFO]: GET /api/users/me - IP: ::1
2026-02-27 07:57:27 [INFO]: POST /api/users/login - IP: ::1
2026-02-27 07:57:27 [ERROR]: Error: "password" length must be at least 6 characters long
    at Module.loginUser (file:///C:/Users/Dell/Desktop/MoneyTracker/backend/src/modules/user/user.service.js:33:13)
    at file:///C:/Users/Dell/Desktop/MoneyTracker/backend/src/modules/user/user.controller.js:19:34
    at file:///C:/Users/Dell/Desktop/MoneyTracker/backend/src/utils/asyncHandler.js:3:21
    at Layer.handleRequest (C:\Users\Dell\Desktop\MoneyTracker\backend\node_modules\router\lib\layer.js:152:17)
    at next (C:\Users\Dell\Desktop\MoneyTracker\backend\node_modules\router\lib\route.js:157:13)
    at Route.dispatch (C:\Users\Dell\Desktop\MoneyTracker\backend\node_modules\router\lib\route.js:117:3)
    at handle (C:\Users\Dell\Desktop\MoneyTracker\backend\node_modules\router\index.js:435:11)
    at Layer.handleRequest (C:\Users\Dell\Desktop\MoneyTracker\backend\node_modules\router\lib\layer.js:152:17)
    at C:\Users\Dell\Desktop\MoneyTracker\backend\node_modules\router\index.js:295:15
    at processParams (C:\Users\Dell\Desktop\MoneyTracker\backend\node_modules\router\index.js:582:12)
2026-02-27 07:58:49 [INFO]: Server started on port 5000
2026-02-27 08:01:37 [INFO]: Server started on port 5000
2026-02-27 10:51:22 [INFO]: GET /api/users/me - IP: ::1
2026-02-27 10:51:22 [INFO]: GET /api/users/me - IP: ::1
2026-02-27 10:52:17 [INFO]: Server started on port 5000
2026-02-27 10:52:21 [INFO]: POST /api/users/login - IP: ::1
2026-02-27 10:52:21 [INFO]: Login attempt: appu@gmail.com
2026-02-27 10:52:21 [INFO]: User logged in: appu@gmail.com
2026-02-27 10:52:22 [INFO]: GET /api/stats/summary?year=2026&month=2 - IP: ::1
2026-02-27 10:52:23 [INFO]: GET /api/stats/summary?year=2026&month=2 - IP: ::1
2026-02-27 10:52:50 [INFO]: GET /api/category/category-list - IP: ::1
2026-02-27 10:52:50 [INFO]: GET /api/category/category-list - IP: ::1
2026-02-27 10:52:53 [INFO]: GET /api/transaction/transactions-list - IP: ::1
2026-02-27 10:52:53 [INFO]: GET /api/category/category-list - IP: ::1
2026-02-27 10:52:53 [INFO]: GET /api/category/category-list - IP: ::1
2026-02-27 10:52:53 [INFO]: GET /api/transaction/transactions-list - IP: ::1
2026-02-27 10:54:35 [INFO]: GET /api/category/category-list - IP: ::1
2026-02-27 10:54:35 [INFO]: GET /api/category/category-list - IP: ::1
2026-02-27 10:54:38 [INFO]: GET /api/stats/summary?year=2026&month=2 - IP: ::1
2026-02-27 10:54:38 [INFO]: GET /api/stats/summary?year=2026&month=2 - IP: ::1
2026-02-27 10:56:00 [INFO]: GET /api/category/category-list - IP: ::1
2026-02-27 10:56:00 [INFO]: GET /api/category/category-list - IP: ::1
2026-02-27 10:56:06 [INFO]: GET /api/transaction/transactions-list - IP: ::1
2026-02-27 10:56:06 [INFO]: GET /api/category/category-list - IP: ::1
2026-02-27 10:56:06 [INFO]: GET /api/category/category-list - IP: ::1
2026-02-27 10:56:06 [INFO]: GET /api/transaction/transactions-list - IP: ::1
2026-02-27 10:56:09 [INFO]: GET /api/stats/summary?year=2026&month=2 - IP: ::1
2026-02-27 10:56:09 [INFO]: GET /api/stats/summary?year=2026&month=2 - IP: ::1
2026-02-27 10:56:22 [INFO]: GET /api/transaction/transactions-list - IP: ::1
2026-02-27 10:56:22 [INFO]: GET /api/category/category-list - IP: ::1
2026-02-27 10:56:22 [INFO]: GET /api/transaction/transactions-list - IP: ::1
2026-02-27 10:56:22 [INFO]: GET /api/category/category-list - IP: ::1
2026-02-27 10:56:41 [INFO]: POST /api/users/logout - IP: ::1
2026-02-27 10:56:42 [INFO]: GET /api/stats/summary?year=2026&month=2 - IP: ::1
2026-02-27 10:56:42 [INFO]: GET /api/stats/summary?year=2026&month=2 - IP: ::1
2026-02-27 10:56:49 [INFO]: POST /api/users/logout - IP: ::1
2026-02-27 10:56:50 [INFO]: GET /api/stats/summary?year=2026&month=2 - IP: ::1
2026-02-27 10:56:50 [INFO]: GET /api/stats/summary?year=2026&month=2 - IP: ::1
2026-02-27 10:57:01 [INFO]: GET /api/users/me - IP: ::1
2026-02-27 10:57:01 [INFO]: GET /api/users/me - IP: ::1
2026-02-27 10:57:11 [INFO]: POST /api/users/login - IP: ::1
2026-02-27 10:57:11 [INFO]: Login attempt: appu@gmail.com
2026-02-27 10:57:11 [INFO]: User logged in: appu@gmail.com
2026-02-27 10:57:11 [INFO]: GET /api/stats/summary?year=2026&month=2 - IP: ::1
2026-02-27 10:57:11 [INFO]: GET /api/stats/summary?year=2026&month=2 - IP: ::1
2026-02-27 10:57:16 [INFO]: GET /api/category/category-list - IP: ::1
2026-02-27 10:57:16 [INFO]: GET /api/category/category-list - IP: ::1
2026-02-27 10:57:29 [INFO]: POST /api/category - IP: ::1
2026-02-27 10:57:50 [INFO]: POST /api/category - IP: ::1
2026-02-27 10:58:06 [INFO]: POST /api/category - IP: ::1
2026-02-27 12:05:16 [INFO]: GET /api/users/me - IP: ::1
2026-02-27 12:05:16 [INFO]: GET /api/users/me - IP: ::1
2026-02-27 12:06:39 [INFO]: GET /api/users/me - IP: ::1
2026-02-27 12:06:39 [INFO]: GET /api/users/me - IP: ::1
2026-02-27 12:06:44 [INFO]: POST /api/users/login - IP: ::1
2026-02-27 12:06:44 [INFO]: Login attempt: appu@gmail.com
2026-02-27 12:06:44 [INFO]: User logged in: appu@gmail.com
2026-02-27 12:06:45 [INFO]: GET /api/stats/summary?year=2026&month=2 - IP: ::1
2026-02-27 12:06:45 [INFO]: GET /api/stats/summary?year=2026&month=2 - IP: ::1
2026-02-27 12:07:00 [INFO]: GET /api/transaction/transactions-list - IP: ::1
2026-02-27 12:07:00 [INFO]: GET /api/category/category-list - IP: ::1
2026-02-27 12:07:00 [INFO]: GET /api/transaction/transactions-list - IP: ::1
2026-02-27 12:07:00 [INFO]: GET /api/category/category-list - IP: ::1
2026-02-27 12:07:07 [INFO]: GET /api/category/category-list - IP: ::1
2026-02-27 12:07:07 [INFO]: GET /api/category/category-list - IP: ::1
2026-02-27 12:07:31 [INFO]: PUT /api/category/69a12b661bc584a464743358 - IP: ::1
2026-02-27 12:07:56 [INFO]: PUT /api/category/69a12b661bc584a464743358 - IP: ::1
2026-02-27 12:09:34 [INFO]: Server started on port 5000
2026-02-27 12:33:47 [INFO]: Server started on port 5000
2026-02-27 12:33:57 [INFO]: Server started on port 5000
2026-02-27 12:34:51 [INFO]: Server started on port 5000
2026-02-27 12:35:05 [INFO]: Server started on port 5000
2026-02-27 12:35:24 [INFO]: Server started on port 5000
2026-02-27 12:35:51 [INFO]: GET /api/users/me - IP: ::1
2026-02-27 12:35:51 [INFO]: GET /api/users/me - IP: ::1
2026-02-27 12:36:15 [INFO]: POST /api/users/login - IP: ::1
2026-02-27 12:36:15 [ERROR]: ReferenceError: Cannot access 'refreshToken' before initialization
    at Module.loginUser (file:///C:/Users/Dell/Desktop/MoneyTracker/backend/src/modules/user/user.service.js:44:28)
    at async file:///C:/Users/Dell/Desktop/MoneyTracker/backend/src/modules/user/user.controller.js:19:20
2026-02-27 12:38:03 [INFO]: Server started on port 5000
2026-02-27 12:38:46 [INFO]: GET /api/users/me - IP: ::1
2026-02-27 12:38:46 [INFO]: GET /api/users/me - IP: ::1
2026-02-27 12:38:53 [INFO]: POST /api/users/login - IP: ::1
2026-02-27 12:38:53 [ERROR]: ReferenceError: Cannot access 'refreshToken' before initialization
    at Module.loginUser (file:///C:/Users/Dell/Desktop/MoneyTracker/backend/src/modules/user/user.service.js:44:28)
    at async file:///C:/Users/Dell/Desktop/MoneyTracker/backend/src/modules/user/user.controller.js:19:20
2026-02-27 12:40:01 [INFO]: Server started on port 5000
2026-02-27 12:40:08 [INFO]: Server started on port 5000
2026-02-27 12:40:45 [INFO]: POST /api/users/login - IP: ::1
2026-02-27 12:40:45 [INFO]: Login attempt: appu@gmail.com
2026-02-27 12:40:45 [INFO]: User logged in: appu@gmail.com
2026-02-27 12:40:46 [INFO]: GET /api/stats/summary?year=2026&month=2 - IP: ::1
2026-02-27 12:40:46 [INFO]: GET /api/stats/summary?year=2026&month=2 - IP: ::1
2026-02-27 12:41:20 [INFO]: Server started on port 5000
2026-02-27 12:44:11 [INFO]: Server started on port 5000
2026-02-27 12:45:34 [INFO]: Server started on port 5000
2026-02-27 12:46:13 [INFO]: Server started on port 5000
2026-02-27 12:47:03 [INFO]: Server started on port 5000
2026-02-27 12:47:30 [INFO]: Server started on port 5000
2026-02-27 12:47:58 [INFO]: Server started on port 5000
2026-02-27 12:53:48 [INFO]: Server started on port 5000
2026-02-27 12:59:04 [INFO]: Server started on port 5000
2026-02-27 13:14:31 [INFO]: POST /api/users/login - IP: ::1
2026-02-27 13:14:31 [ERROR]: TypeError: User.save is not a function
    at Module.loginUser (file:///C:/Users/Dell/Desktop/MoneyTracker/backend/src/modules/user/user.service.js:51:18)
    at async file:///C:/Users/Dell/Desktop/MoneyTracker/backend/src/modules/user/user.controller.js:19:20
2026-02-27 13:14:54 [INFO]: Server started on port 5000
2026-02-27 13:17:07 [INFO]: Server started on port 5000
2026-02-27 13:17:08 [INFO]: POST /api/users/login - IP: ::1
2026-02-27 13:17:09 [INFO]: Login attempt: appu@gmail.com
2026-02-27 13:17:09 [INFO]: User logged in: appu@gmail.com
2026-02-27 14:19:49 [INFO]: Server started on port 5000
2026-02-27 14:21:35 [INFO]: Server started on port 5000
2026-02-27 14:22:26 [INFO]: Server started on port 5000
2026-02-27 14:25:37 [INFO]: Server started on port 5000
2026-02-27 14:26:33 [INFO]: POST /api/users/refresh - IP: ::1
2026-02-27 14:26:33 [ERROR]: TypeError: Cannot read properties of undefined (reading 'email')
    at file:///C:/Users/Dell/Desktop/MoneyTracker/backend/src/modules/user/user.controller.js:66:44
    at process.processTicksAndRejections (node:internal/process/task_queues:105:5)
2026-02-27 14:27:26 [INFO]: Server started on port 5000
2026-02-27 14:27:32 [INFO]: POST /api/users/refresh - IP: ::1
2026-02-27 14:28:18 [INFO]: Server started on port 5000
2026-02-27 14:28:26 [INFO]: POST /api/users/refresh - IP: ::1
2026-02-27 14:28:34 [INFO]: POST /api/users/refresh - IP: ::1
2026-02-27 14:36:09 [INFO]: Server started on port 5000
2026-02-27 14:49:42 [INFO]: Server started on port 5000
2026-02-27 14:49:49 [INFO]: Server started on port 5000
2026-02-27 14:50:36 [INFO]: Server started on port 5000
2026-02-27 14:50:51 [INFO]: POST /api/users/refresh - IP: ::1
2026-02-27 14:50:51 [ERROR]: ReferenceError: jwt is not defined
    at Module.refreshToken (file:///C:/Users/Dell/Desktop/MoneyTracker/backend/src/modules/user/user.service.js:71:5)
    at process.processTicksAndRejections (node:internal/process/task_queues:105:5)
    at async file:///C:/Users/Dell/Desktop/MoneyTracker/backend/src/modules/user/user.controller.js:63:20
2026-02-27 14:55:08 [INFO]: Server started on port 5000
2026-02-27 14:55:47 [INFO]: Server started on port 5000
2026-02-27 14:55:54 [INFO]: Server started on port 5000
2026-02-27 14:56:22 [INFO]: Server started on port 5000
2026-02-27 14:58:38 [INFO]: Server started on port 5000
2026-02-27 14:58:45 [INFO]: POST /api/users/refresh - IP: ::1
2026-02-27 14:58:45 [ERROR]: TokenExpiredError: jwt expired
    at C:\Users\Dell\Desktop\MoneyTracker\backend\node_modules\jsonwebtoken\verify.js:190:21
    at getSecret (C:\Users\Dell\Desktop\MoneyTracker\backend\node_modules\jsonwebtoken\verify.js:97:14)
    at module.exports [as verify] (C:\Users\Dell\Desktop\MoneyTracker\backend\node_modules\jsonwebtoken\verify.js:101:10)
    at verifyRefreshToken (file:///C:/Users/Dell/Desktop/MoneyTracker/backend/src/utils/jwt.js:26:14)
    at Module.refreshToken (file:///C:/Users/Dell/Desktop/MoneyTracker/backend/src/modules/user/user.service.js:75:21)
    at process.processTicksAndRejections (node:internal/process/task_queues:105:5)
    at async file:///C:/Users/Dell/Desktop/MoneyTracker/backend/src/modules/user/user.controller.js:63:20
2026-02-27 14:59:20 [INFO]: POST /api/users/login - IP: ::1
2026-02-27 14:59:20 [INFO]: Login attempt: appu@gmail.com
2026-02-27 14:59:20 [INFO]: User logged in: appu@gmail.com
2026-02-27 14:59:30 [INFO]: POST /api/users/refresh - IP: ::1
2026-02-27 15:26:47 [INFO]: Server started on port 5000
2026-02-27 15:26:54 [INFO]: Server started on port 5000
2026-02-27 15:32:37 [INFO]: Server started on port 5000
2026-02-27 15:34:43 [INFO]: Server started on port 5000
2026-02-27 15:35:07 [INFO]: Server started on port 5000
2026-02-27 15:35:31 [INFO]: POST /api/users/refresh - IP: ::1
2026-02-27 15:35:31 [ERROR]: JsonWebTokenError: invalid signature
    at C:\Users\Dell\Desktop\MoneyTracker\backend\node_modules\jsonwebtoken\verify.js:171:19
    at getSecret (C:\Users\Dell\Desktop\MoneyTracker\backend\node_modules\jsonwebtoken\verify.js:97:14)
    at module.exports [as verify] (C:\Users\Dell\Desktop\MoneyTracker\backend\node_modules\jsonwebtoken\verify.js:101:10)
    at verifyRefreshToken (file:///C:/Users/Dell/Desktop/MoneyTracker/backend/src/utils/jwt.js:27:14)
    at Module.refreshToken (file:///C:/Users/Dell/Desktop/MoneyTracker/backend/src/modules/user/user.service.js:75:21)
    at process.processTicksAndRejections (node:internal/process/task_queues:105:5)
    at async file:///C:/Users/Dell/Desktop/MoneyTracker/backend/src/modules/user/user.controller.js:63:20
2026-02-27 15:38:15 [INFO]: Server started on port 5000
2026-02-27 15:38:38 [INFO]: POST /api/users/login - IP: ::1
2026-02-27 15:38:39 [INFO]: Login attempt: appu@gmail.com
2026-02-27 15:38:39 [INFO]: User logged in: appu@gmail.com
2026-02-27 15:38:59 [INFO]: POST /api/users/refresh - IP: ::1
2026-02-27 15:38:59 [ERROR]: JsonWebTokenError: invalid signature
    at C:\Users\Dell\Desktop\MoneyTracker\backend\node_modules\jsonwebtoken\verify.js:171:19
    at getSecret (C:\Users\Dell\Desktop\MoneyTracker\backend\node_modules\jsonwebtoken\verify.js:97:14)
    at module.exports [as verify] (C:\Users\Dell\Desktop\MoneyTracker\backend\node_modules\jsonwebtoken\verify.js:101:10)
    at verifyRefreshToken (file:///C:/Users/Dell/Desktop/MoneyTracker/backend/src/utils/jwt.js:27:14)
    at Module.refreshToken (file:///C:/Users/Dell/Desktop/MoneyTracker/backend/src/modules/user/user.service.js:75:21)
    at process.processTicksAndRejections (node:internal/process/task_queues:105:5)
    at async file:///C:/Users/Dell/Desktop/MoneyTracker/backend/src/modules/user/user.controller.js:63:20
2026-02-27 16:10:23 [INFO]: POST /api/users/refresh - IP: ::1
2026-02-27 16:10:23 [ERROR]: JsonWebTokenError: invalid signature
    at C:\Users\Dell\Desktop\MoneyTracker\backend\node_modules\jsonwebtoken\verify.js:171:19
    at getSecret (C:\Users\Dell\Desktop\MoneyTracker\backend\node_modules\jsonwebtoken\verify.js:97:14)
    at module.exports [as verify] (C:\Users\Dell\Desktop\MoneyTracker\backend\node_modules\jsonwebtoken\verify.js:101:10)
    at verifyRefreshToken (file:///C:/Users/Dell/Desktop/MoneyTracker/backend/src/utils/jwt.js:27:14)
    at Module.refreshToken (file:///C:/Users/Dell/Desktop/MoneyTracker/backend/src/modules/user/user.service.js:75:21)
    at process.processTicksAndRejections (node:internal/process/task_queues:105:5)
    at async file:///C:/Users/Dell/Desktop/MoneyTracker/backend/src/modules/user/user.controller.js:63:20
2026-02-27 16:10:30 [INFO]: POST /api/users/login - IP: ::1
2026-02-27 16:10:30 [INFO]: Login attempt: appu@gmail.com
2026-02-27 16:10:30 [INFO]: User logged in: appu@gmail.com
2026-02-27 16:11:02 [INFO]: Server started on port 5000
2026-02-27 16:12:38 [INFO]: POST /api/users/refresh - IP: ::1
2026-02-27 16:12:38 [ERROR]: JsonWebTokenError: invalid signature
    at C:\Users\Dell\Desktop\MoneyTracker\backend\node_modules\jsonwebtoken\verify.js:171:19
    at getSecret (C:\Users\Dell\Desktop\MoneyTracker\backend\node_modules\jsonwebtoken\verify.js:97:14)
    at module.exports [as verify] (C:\Users\Dell\Desktop\MoneyTracker\backend\node_modules\jsonwebtoken\verify.js:101:10)
    at verifyRefreshToken (file:///C:/Users/Dell/Desktop/MoneyTracker/backend/src/utils/jwt.js:27:14)
    at Module.refreshToken (file:///C:/Users/Dell/Desktop/MoneyTracker/backend/src/modules/user/user.service.js:75:21)
    at process.processTicksAndRejections (node:internal/process/task_queues:105:5)
    at async file:///C:/Users/Dell/Desktop/MoneyTracker/backend/src/modules/user/user.controller.js:64:20
2026-02-27 16:15:26 [INFO]: Server started on port 5000
2026-02-27 16:16:10 [INFO]: Server started on port 5000
2026-02-27 16:16:23 [INFO]: POST /api/users/login - IP: ::1
2026-02-27 16:16:23 [INFO]: Login attempt: appu@gmail.com
2026-02-27 16:16:23 [INFO]: User logged in: appu@gmail.com
2026-02-27 16:16:35 [INFO]: POST /api/users/refresh - IP: ::1
2026-02-27 16:16:35 [ERROR]: JsonWebTokenError: invalid signature
    at C:\Users\Dell\Desktop\MoneyTracker\backend\node_modules\jsonwebtoken\verify.js:171:19
    at getSecret (C:\Users\Dell\Desktop\MoneyTracker\backend\node_modules\jsonwebtoken\verify.js:97:14)
    at module.exports [as verify] (C:\Users\Dell\Desktop\MoneyTracker\backend\node_modules\jsonwebtoken\verify.js:101:10)
    at verifyRefreshToken (file:///C:/Users/Dell/Desktop/MoneyTracker/backend/src/utils/jwt.js:27:14)
    at Module.refreshToken (file:///C:/Users/Dell/Desktop/MoneyTracker/backend/src/modules/user/user.service.js:75:21)
    at process.processTicksAndRejections (node:internal/process/task_queues:105:5)
    at async file:///C:/Users/Dell/Desktop/MoneyTracker/backend/src/modules/user/user.controller.js:64:20
2026-02-27 16:26:46 [INFO]: Server started on port 5000
2026-02-27 16:26:54 [INFO]: POST /api/users/login - IP: ::1
2026-02-27 16:26:54 [INFO]: Login attempt: appu@gmail.com
2026-02-27 16:26:54 [INFO]: User logged in: appu@gmail.com
2026-02-27 16:27:06 [INFO]: POST /api/users/refresh - IP: ::1
2026-02-27 16:28:52 [INFO]: Server started on port 5000
2026-02-27 16:28:59 [INFO]: POST /api/users/login - IP: ::1
2026-02-27 16:28:59 [INFO]: Login attempt: appu@gmail.com
2026-02-27 16:28:59 [INFO]: User logged in: appu@gmail.com
2026-02-27 16:29:07 [INFO]: POST /api/users/refresh - IP: ::1
2026-02-27 16:34:03 [INFO]: GET /api/users/me - IP: ::1
2026-02-27 16:34:03 [INFO]: GET /api/users/me - IP: ::1
2026-02-27 16:34:14 [INFO]: POST /api/users/login - IP: ::1
2026-02-27 16:34:15 [INFO]: Login attempt: appu@gmail.com
2026-02-27 16:34:15 [INFO]: User logged in: appu@gmail.com
2026-02-27 16:34:16 [INFO]: GET /api/stats/summary?year=2026&month=2 - IP: ::1
2026-02-27 16:34:16 [INFO]: GET /api/stats/summary?year=2026&month=2 - IP: ::1
2026-02-27 16:34:29 [INFO]: POST /api/users/logout - IP: ::1
2026-02-27 16:34:30 [INFO]: GET /api/stats/summary?year=2026&month=2 - IP: ::1
2026-02-27 16:34:30 [INFO]: GET /api/stats/summary?year=2026&month=2 - IP: ::1
2026-02-27 16:34:47 [INFO]: GET /api/users/me - IP: ::1
2026-02-27 16:34:47 [INFO]: GET /api/users/me - IP: ::1
2026-02-27 16:34:58 [INFO]: POST /api/users/login - IP: ::1
2026-02-27 16:34:58 [INFO]: Login attempt: appu@gmail.com
2026-02-27 16:34:58 [INFO]: User logged in: appu@gmail.com
2026-02-27 16:34:59 [INFO]: GET /api/stats/summary?year=2026&month=2 - IP: ::1
2026-02-27 16:34:59 [INFO]: GET /api/stats/summary?year=2026&month=2 - IP: ::1
2026-02-27 16:37:58 [INFO]: Server started on port 5000
2026-02-27 16:38:15 [INFO]: Server started on port 5000
2026-02-27 16:38:52 [INFO]: Server started on port 5000
2026-02-27 16:39:05 [INFO]: POST /api/users/login - IP: ::1
2026-02-27 16:39:05 [INFO]: Login attempt: appu@gmail.com
2026-02-27 16:39:05 [INFO]: User logged in: appu@gmail.com
2026-02-27 16:41:27 [INFO]: Server started on port 5000
2026-02-27 16:41:34 [INFO]: POST /api/users/refresh - IP: ::1
2026-02-27 17:10:14 [INFO]: GET /api/category/category-list?page=1&limit=10&search=gaming - IP: ::1
2026-02-27 17:10:29 [INFO]: POST /api/users/refresh - IP: ::1
2026-02-27 17:10:29 [ERROR]: TokenExpiredError: jwt expired
    at C:\Users\Dell\Desktop\MoneyTracker\backend\node_modules\jsonwebtoken\verify.js:190:21
    at getSecret (C:\Users\Dell\Desktop\MoneyTracker\backend\node_modules\jsonwebtoken\verify.js:97:14)
    at module.exports [as verify] (C:\Users\Dell\Desktop\MoneyTracker\backend\node_modules\jsonwebtoken\verify.js:101:10)
    at verifyRefreshToken (file:///C:/Users/Dell/Desktop/MoneyTracker/backend/src/utils/jwt.js:27:14)
    at Module.refreshToken (file:///C:/Users/Dell/Desktop/MoneyTracker/backend/src/modules/user/user.service.js:75:21)
    at process.processTicksAndRejections (node:internal/process/task_queues:105:5)
    at async file:///C:/Users/Dell/Desktop/MoneyTracker/backend/src/modules/user/user.controller.js:64:20
2026-02-27 17:10:36 [INFO]: POST /api/users/login - IP: ::1
2026-02-27 17:10:36 [INFO]: Login attempt: appu@gmail.com
2026-02-27 17:10:36 [INFO]: User logged in: appu@gmail.com
2026-02-27 17:10:42 [INFO]: GET /api/category/category-list?page=1&limit=10&search=gaming - IP: ::1
2026-02-27 17:11:50 [INFO]: GET /api/category/category-list?page=1&limit=10&search=gaming - IP: ::1
2026-02-27 17:12:01 [INFO]: POST /api/users/refresh - IP: ::1
2026-02-27 17:12:07 [INFO]: GET /api/category/category-list?page=1&limit=10&search=gaming - IP: ::1
2026-02-27 17:18:27 [INFO]: GET /api/category/category-list?page=1&limit=10&search=gaming - IP: ::1
2026-02-27 17:27:34 [INFO]: POST /api/users/logout - IP: ::1
2026-02-27 17:27:35 [INFO]: GET /api/stats/summary?year=2026&month=2 - IP: ::1
2026-02-27 17:27:35 [INFO]: GET /api/stats/summary?year=2026&month=2 - IP: ::1
2026-02-27 17:45:27 [INFO]: Server started on port 5000
2026-02-27 19:01:09 [INFO]: Server started on port 5000
2026-02-27 19:01:57 [INFO]: Server started on port 5000
2026-02-27 19:03:11 [INFO]: Server started on port 5000
2026-02-27 19:03:21 [INFO]: Server started on port 5000
2026-02-27 19:04:00 [INFO]: Server started on port 5000
2026-02-27 19:04:24 [INFO]: Server started on port 5000
2026-02-27 19:04:32 [INFO]: POST /api/users/login - IP: ::1
2026-02-27 19:04:33 [INFO]: Login attempt: appu@gmail.com
2026-02-27 19:04:33 [INFO]: User logged in: appu@gmail.com
2026-02-27 19:06:01 [INFO]: POST /api/users/logout - IP: ::1
2026-02-27 19:06:13 [INFO]: POST /api/users/login - IP: ::1
2026-02-27 19:06:14 [INFO]: Login attempt: appu@gmail.com
2026-02-27 19:06:14 [INFO]: User logged in: appu@gmail.com
2026-02-27 19:06:18 [INFO]: POST /api/users/logout - IP: ::1
2026-02-27 19:15:50 [INFO]: POST /api/users/logout - IP: ::1
2026-02-27 19:17:14 [INFO]: GET /api/users/me - IP: ::1
2026-02-27 19:17:14 [INFO]: GET /api/users/me - IP: ::1
2026-02-27 19:17:34 [INFO]: POST /api/users/login - IP: ::1
2026-02-27 19:17:34 [ERROR]: Error: Invalid credentials
    at Module.loginUser (file:///C:/Users/Dell/Desktop/MoneyTracker/backend/src/modules/user/user.service.js:43:15)
    at async file:///C:/Users/Dell/Desktop/MoneyTracker/backend/src/modules/user/user.controller.js:19:20
2026-02-27 19:23:45 [INFO]: POST /api/users/login - IP: ::1
2026-02-27 19:23:45 [INFO]: Login attempt: appu@gmail.com
2026-02-27 19:23:45 [INFO]: User logged in: appu@gmail.com
2026-02-27 19:23:46 [INFO]: GET /api/stats/summary?year=2026&month=2 - IP: ::1
2026-02-27 19:23:47 [INFO]: GET /api/stats/summary?year=2026&month=2 - IP: ::1
2026-02-27 19:24:36 [INFO]: POST /api/users/logout - IP: ::1
2026-02-27 19:25:25 [INFO]: GET /api/users/me - IP: ::1
2026-02-27 19:25:25 [INFO]: GET /api/users/me - IP: ::1
2026-02-27 19:25:37 [INFO]: POST /api/users/login - IP: ::1
2026-02-27 19:25:37 [INFO]: Login attempt: appu@gmail.com
2026-02-27 19:25:37 [INFO]: User logged in: appu@gmail.com
2026-02-27 19:25:38 [INFO]: GET /api/stats/summary?year=2026&month=2 - IP: ::1
2026-02-27 19:25:38 [INFO]: GET /api/stats/summary?year=2026&month=2 - IP: ::1
2026-02-27 19:26:34 [INFO]: Server started on port 5000
2026-02-27 19:26:54 [INFO]: Server started on port 5000
2026-02-27 19:27:22 [INFO]: GET /api/users/me - IP: ::1
2026-02-27 19:27:22 [INFO]: GET /api/users/me - IP: ::1
2026-02-27 20:12:39 [INFO]: GET /api/users/me - IP: ::1
2026-02-27 20:12:39 [INFO]: GET /api/users/me - IP: ::1
2026-02-27 20:15:10 [INFO]: GET /api/users/me - IP: ::1
2026-02-27 20:15:10 [INFO]: GET /api/users/me - IP: ::1
2026-02-27 20:15:17 [INFO]: POST /api/users/login - IP: ::1
2026-02-27 20:15:18 [INFO]: Login attempt: appu@gmail.com
2026-02-27 20:15:18 [INFO]: User logged in: appu@gmail.com
2026-02-27 20:15:21 [INFO]: GET /api/stats/summary?year=2026&month=2 - IP: ::1
2026-02-27 20:15:21 [INFO]: GET /api/stats/summary?year=2026&month=2 - IP: ::1
2026-02-27 20:15:49 [INFO]: GET /api/category/category-list - IP: ::1
2026-02-27 20:15:49 [INFO]: GET /api/category/category-list - IP: ::1
2026-02-27 20:16:21 [INFO]: GET /api/transaction/transactions-list - IP: ::1
2026-02-27 20:16:21 [INFO]: GET /api/category/category-list - IP: ::1
2026-02-27 20:16:21 [INFO]: GET /api/transaction/transactions-list - IP: ::1
2026-02-27 20:16:21 [INFO]: GET /api/category/category-list - IP: ::1
2026-02-27 20:33:57 [INFO]: GET /api/users/me - IP: ::1
2026-02-27 20:33:57 [INFO]: GET /api/users/me - IP: ::1
2026-02-27 20:33:57 [INFO]: POST /api/auth/refresh - IP: ::1
2026-02-27 20:33:57 [INFO]: POST /api/auth/refresh - IP: ::1
2026-02-27 20:34:13 [INFO]: POST /api/users/login - IP: ::1
2026-02-27 20:34:13 [INFO]: Login attempt: appu@gmail.com
2026-02-27 20:34:13 [INFO]: User logged in: appu@gmail.com
2026-02-27 20:34:43 [INFO]: POST /api/users/login - IP: ::1
2026-02-27 20:34:43 [INFO]: Login attempt: appu@gmail.com
2026-02-27 20:34:43 [INFO]: User logged in: appu@gmail.com
2026-02-27 20:37:11 [INFO]: GET /api/users/me - IP: ::1
2026-02-27 20:37:11 [INFO]: GET /api/users/me - IP: ::1
2026-02-27 20:37:11 [INFO]: POST /api/users/refresh - IP: ::1
2026-02-27 20:37:11 [INFO]: POST /api/users/refresh - IP: ::1
2026-02-27 20:38:21 [INFO]: GET /api/users/me - IP: ::1
2026-02-27 20:38:21 [INFO]: GET /api/users/me - IP: ::1
2026-02-27 20:38:21 [INFO]: POST /api/users/refresh - IP: ::1
2026-02-27 20:38:31 [INFO]: POST /api/users/login - IP: ::1
2026-02-27 20:38:31 [INFO]: Login attempt: appu@gmail.com
2026-02-27 20:38:31 [INFO]: User logged in: appu@gmail.com
2026-02-27 20:39:42 [INFO]: Server started on port 5000
2026-02-27 21:02:08 [INFO]: Server started on port 5000
2026-02-27 21:02:42 [INFO]: GET /api/users/me - IP: ::1
2026-02-27 21:02:42 [INFO]: GET /api/users/me - IP: ::1
2026-02-27 21:02:42 [INFO]: POST /api/users/refresh - IP: ::1
2026-02-27 21:02:42 [INFO]: POST /api/users/refresh - IP: ::1
2026-02-27 21:04:06 [INFO]: Server started on port 5000
2026-02-27 21:04:26 [INFO]: GET /api/users/me - IP: ::1
2026-02-27 21:04:26 [INFO]: POST /api/users/refresh - IP: ::1
2026-02-27 21:04:26 [INFO]: GET /api/users/me - IP: ::1
2026-02-27 21:04:26 [INFO]: POST /api/users/refresh - IP: ::1
2026-02-27 21:04:42 [INFO]: POST /api/users/login - IP: ::1
2026-02-27 21:04:42 [INFO]: Login attempt: appu@gmail.com
2026-02-27 21:04:42 [INFO]: User logged in: appu@gmail.com
2026-02-27 21:10:43 [INFO]: GET /api/users/me - IP: ::1
2026-02-27 21:10:43 [INFO]: GET /api/users/me - IP: ::1
2026-02-27 21:10:43 [INFO]: POST /api/users/refresh - IP: ::1
2026-02-27 21:10:43 [INFO]: POST /api/users/refresh - IP: ::1
2026-02-27 21:11:49 [INFO]: POST /api/users/login - IP: ::1
2026-02-27 21:11:49 [INFO]: Login attempt: appu@gmail.com
2026-02-27 21:11:49 [INFO]: User logged in: appu@gmail.com
2026-02-27 22:14:35 [INFO]: GET /api/users/me - IP: ::1
2026-02-27 22:14:35 [INFO]: GET /api/users/me - IP: ::1
2026-02-27 22:14:35 [INFO]: POST /api/users/refresh - IP: ::1
2026-02-27 22:14:35 [INFO]: POST /api/users/refresh - IP: ::1
2026-02-27 22:25:55 [INFO]: POST /api/users/login - IP: ::1
2026-02-27 22:25:55 [INFO]: Login attempt: appu@gmail.com
2026-02-27 22:25:55 [INFO]: User logged in: appu@gmail.com
2026-02-27 22:36:51 [INFO]: GET /api/users/me - IP: ::1
2026-02-27 22:36:51 [INFO]: GET /api/users/me - IP: ::1
2026-02-27 22:36:51 [INFO]: POST /api/users/refresh - IP: ::1
2026-02-27 22:36:51 [INFO]: POST /api/users/refresh - IP: ::1
2026-02-27 22:37:04 [INFO]: POST /api/users/login - IP: ::1
2026-02-27 22:37:04 [INFO]: Login attempt: appu@gmail.com
2026-02-27 22:37:04 [INFO]: User logged in: appu@gmail.com
2026-02-27 22:39:49 [INFO]: GET /api/users/me - IP: ::1
2026-02-27 22:39:49 [INFO]: GET /api/users/me - IP: ::1
2026-02-27 22:39:49 [INFO]: POST /api/users/refresh - IP: ::1
2026-02-27 22:39:49 [INFO]: POST /api/users/refresh - IP: ::1
2026-02-27 22:39:56 [INFO]: GET /api/users/me - IP: ::1
2026-02-27 22:39:56 [INFO]: GET /api/users/me - IP: ::1
2026-02-27 22:39:56 [INFO]: POST /api/users/refresh - IP: ::1
2026-02-27 22:39:56 [INFO]: POST /api/users/refresh - IP: ::1
2026-02-27 22:40:14 [INFO]: GET /api/users/me - IP: ::1
2026-02-27 22:40:14 [INFO]: GET /api/users/me - IP: ::1
2026-02-27 22:40:14 [INFO]: POST /api/users/refresh - IP: ::1
2026-02-27 22:40:14 [INFO]: POST /api/users/refresh - IP: ::1
2026-02-27 22:40:20 [INFO]: POST /api/users/login - IP: ::1
2026-02-27 22:40:20 [INFO]: Login attempt: appu@gmail.com
2026-02-27 22:40:20 [INFO]: User logged in: appu@gmail.com
2026-02-27 22:45:36 [INFO]: POST /api/users/login - IP: ::1
2026-02-27 22:45:36 [INFO]: Login attempt: appu@gmail.com
2026-02-27 22:45:36 [INFO]: User logged in: appu@gmail.com
2026-02-27 22:46:29 [INFO]: GET /api/users/me - IP: ::1
2026-02-27 22:46:29 [INFO]: GET /api/users/me - IP: ::1
2026-02-27 22:46:29 [INFO]: POST /api/users/refresh - IP: ::1
2026-02-27 22:46:29 [INFO]: POST /api/users/refresh - IP: ::1
2026-02-27 22:48:38 [INFO]: POST /api/users/login - IP: ::1
2026-02-27 22:48:38 [INFO]: Login attempt: appu@gmail.com
2026-02-27 22:48:38 [INFO]: User logged in: appu@gmail.com
2026-02-27 23:19:14 [INFO]: Server started on port 5000
2026-02-27 23:19:27 [INFO]: GET /api/users/me - IP: ::1
2026-02-27 23:19:27 [INFO]: GET /api/users/me - IP: ::1
2026-02-27 23:19:27 [INFO]: POST /api/users/refresh - IP: ::1
2026-02-27 23:19:27 [INFO]: POST /api/users/refresh - IP: ::1
2026-02-27 23:19:38 [INFO]: POST /api/users/login - IP: ::1
2026-02-27 23:19:38 [INFO]: Login attempt: appu@gmail.com
2026-02-27 23:19:38 [INFO]: User logged in: appu@gmail.com
2026-02-27 23:20:09 [INFO]: POST /api/users/login - IP: ::1
2026-02-27 23:20:09 [INFO]: Login attempt: appu@gmail.com
2026-02-27 23:20:09 [INFO]: User logged in: appu@gmail.com
2026-02-27 23:20:52 [INFO]: POST /api/users/refresh - IP: ::1
2026-02-27 23:29:14 [INFO]: GET /api/users/me - IP: ::1
2026-02-27 23:29:14 [INFO]: POST /api/users/refresh - IP: ::1
2026-02-27 23:29:14 [INFO]: GET /api/users/me - IP: ::1
2026-02-27 23:29:14 [ERROR]: ReferenceError: res is not defined
    at Module.refreshToken (file:///C:/Users/Dell/Desktop/MoneyTracker/backend/src/modules/user/user.service.js:73:16)
    at process.processTicksAndRejections (node:internal/process/task_queues:105:5)
    at async file:///C:/Users/Dell/Desktop/MoneyTracker/backend/src/modules/user/user.controller.js:64:20
2026-02-27 23:29:14 [INFO]: POST /api/users/refresh - IP: ::1
2026-02-27 23:29:14 [ERROR]: ReferenceError: res is not defined
    at Module.refreshToken (file:///C:/Users/Dell/Desktop/MoneyTracker/backend/src/modules/user/user.service.js:73:16)
    at process.processTicksAndRejections (node:internal/process/task_queues:105:5)
    at async file:///C:/Users/Dell/Desktop/MoneyTracker/backend/src/modules/user/user.controller.js:64:20
2026-02-27 23:32:59 [INFO]: Server started on port 5000
2026-02-27 23:35:43 [INFO]: Server started on port 5000
2026-02-27 23:36:09 [INFO]: GET /api/users/me - IP: ::1
2026-02-27 23:36:09 [INFO]: GET /api/users/me - IP: ::1
2026-02-27 23:36:09 [INFO]: POST /api/users/refresh - IP: ::1
2026-02-27 23:36:09 [INFO]: POST /api/users/refresh - IP: ::1
2026-02-27 23:36:29 [INFO]: GET /api/users/me - IP: ::1
2026-02-27 23:36:29 [INFO]: GET /api/users/me - IP: ::1
2026-02-27 23:36:29 [INFO]: POST /api/users/refresh - IP: ::1
2026-02-27 23:36:29 [INFO]: POST /api/users/refresh - IP: ::1
2026-02-27 23:36:37 [INFO]: POST /api/users/login - IP: ::1
2026-02-27 23:36:37 [ERROR]: Error: "email" is required
    at Module.loginUser (file:///C:/Users/Dell/Desktop/MoneyTracker/backend/src/modules/user/user.service.js:37:13)
    at file:///C:/Users/Dell/Desktop/MoneyTracker/backend/src/modules/user/user.controller.js:19:34
    at file:///C:/Users/Dell/Desktop/MoneyTracker/backend/src/utils/asyncHandler.js:3:21
    at Layer.handleRequest (C:\Users\Dell\Desktop\MoneyTracker\backend\node_modules\router\lib\layer.js:152:17)
    at next (C:\Users\Dell\Desktop\MoneyTracker\backend\node_modules\router\lib\route.js:157:13)
    at Route.dispatch (C:\Users\Dell\Desktop\MoneyTracker\backend\node_modules\router\lib\route.js:117:3)
    at handle (C:\Users\Dell\Desktop\MoneyTracker\backend\node_modules\router\index.js:435:11)
    at Layer.handleRequest (C:\Users\Dell\Desktop\MoneyTracker\backend\node_modules\router\lib\layer.js:152:17)
    at C:\Users\Dell\Desktop\MoneyTracker\backend\node_modules\router\index.js:295:15
    at processParams (C:\Users\Dell\Desktop\MoneyTracker\backend\node_modules\router\index.js:582:12)
2026-02-27 23:36:37 [INFO]: POST /api/users/refresh - IP: ::1
2026-02-27 23:37:08 [INFO]: POST /api/users/login - IP: ::1
2026-02-27 23:37:08 [ERROR]: Error: "email" is required
    at Module.loginUser (file:///C:/Users/Dell/Desktop/MoneyTracker/backend/src/modules/user/user.service.js:37:13)
    at file:///C:/Users/Dell/Desktop/MoneyTracker/backend/src/modules/user/user.controller.js:19:34
    at file:///C:/Users/Dell/Desktop/MoneyTracker/backend/src/utils/asyncHandler.js:3:21
    at Layer.handleRequest (C:\Users\Dell\Desktop\MoneyTracker\backend\node_modules\router\lib\layer.js:152:17)
    at next (C:\Users\Dell\Desktop\MoneyTracker\backend\node_modules\router\lib\route.js:157:13)
    at Route.dispatch (C:\Users\Dell\Desktop\MoneyTracker\backend\node_modules\router\lib\route.js:117:3)
    at handle (C:\Users\Dell\Desktop\MoneyTracker\backend\node_modules\router\index.js:435:11)
    at Layer.handleRequest (C:\Users\Dell\Desktop\MoneyTracker\backend\node_modules\router\lib\layer.js:152:17)
    at C:\Users\Dell\Desktop\MoneyTracker\backend\node_modules\router\index.js:295:15
    at processParams (C:\Users\Dell\Desktop\MoneyTracker\backend\node_modules\router\index.js:582:12)
2026-02-27 23:37:08 [INFO]: POST /api/users/refresh - IP: ::1
