2026-02-20 05:45:47 [INFO]: Server started on port 5000
2026-02-20 05:50:10 [INFO]: Server started on port 5000
2026-02-20 05:50:22 [INFO]: Server started on port 5000
2026-02-20 05:51:37 [INFO]: Server started on port 5000
2026-02-20 05:52:46 [INFO]: Server started on port 5000
2026-02-20 05:52:55 [INFO]: Login attempt: appu@gmail.com
2026-02-20 05:53:40 [ERROR]: Error: Invalid credentials
    at Module.loginUser (file:///C:/Users/Dell/Desktop/MoneyTracker/backend/src/modules/user/user.service.js:39:15)
    at async file:///C:/Users/Dell/Desktop/MoneyTracker/backend/src/modules/user/user.controller.js:19:20
2026-02-20 05:54:32 [INFO]: Login attempt: appu@gmail.com
2026-02-20 06:21:17 [INFO]: Server started on port 5000
2026-02-20 06:24:26 [INFO]: Server started on port 5000
2026-02-20 06:24:26 [INFO]: GET /api/stats/summary?year=2026&month=2 - IP: ::1
2026-02-20 06:24:46 [INFO]: GET /api/users/me - IP: ::1
2026-02-20 06:24:46 [INFO]: GET /api/users/me - IP: ::1
2026-02-20 06:24:46 [INFO]: GET /api/stats/summary?year=2026&month=2 - IP: ::1
2026-02-20 06:24:46 [INFO]: GET /api/stats/summary?year=2026&month=2 - IP: ::1
2026-02-20 06:51:00 [INFO]: GET /api/transaction/transactions-list?page=1&limit=10 - IP: ::1
2026-02-20 06:51:17 [INFO]: GET /api/transaction/transactions-list?page=1&limit=10&categoryId=697b8a59174cf795e567c774 - IP: ::1
2026-02-20 11:06:01 [INFO]: Server started on port 5000
2026-02-20 11:26:36 [INFO]: Server started on port 5000
2026-02-20 11:27:25 [INFO]: Server started on port 5000
2026-02-20 11:28:23 [INFO]: Server started on port 5000
2026-02-20 11:29:10 [INFO]: POST /api/users/login - IP: ::1
2026-02-20 11:29:10 [ERROR]: TypeError: Cannot destructure property 'email' of 'req.body' as it is undefined.
    at file:///C:/Users/Dell/Desktop/MoneyTracker/backend/src/modules/user/user.controller.js:17:13
    at file:///C:/Users/Dell/Desktop/MoneyTracker/backend/src/utils/asyncHandler.js:3:21
    at Layer.handleRequest (C:\Users\Dell\Desktop\MoneyTracker\backend\node_modules\router\lib\layer.js:152:17)
    at next (C:\Users\Dell\Desktop\MoneyTracker\backend\node_modules\router\lib\route.js:157:13)
    at Route.dispatch (C:\Users\Dell\Desktop\MoneyTracker\backend\node_modules\router\lib\route.js:117:3)
    at handle (C:\Users\Dell\Desktop\MoneyTracker\backend\node_modules\router\index.js:435:11)
    at Layer.handleRequest (C:\Users\Dell\Desktop\MoneyTracker\backend\node_modules\router\lib\layer.js:152:17)
    at C:\Users\Dell\Desktop\MoneyTracker\backend\node_modules\router\index.js:295:15
    at processParams (C:\Users\Dell\Desktop\MoneyTracker\backend\node_modules\router\index.js:582:12)
    at next (C:\Users\Dell\Desktop\MoneyTracker\backend\node_modules\router\index.js:291:5)
2026-02-20 11:31:56 [INFO]: Server started on port 5000
2026-02-20 11:32:18 [INFO]: Server started on port 5000
2026-02-20 11:34:25 [INFO]: Server started on port 5000
2026-02-20 12:19:49 [INFO]: GET /api/users/me - IP: ::1
2026-02-20 12:22:22 [INFO]: Server started on port 5000
2026-02-20 12:28:57 [INFO]: POST /api/users/register - IP: ::1
2026-02-20 12:29:15 [INFO]: POST /api/users/register - IP: ::1
2026-02-20 12:39:16 [INFO]: Server started on port 5000
2026-02-20 12:44:11 [INFO]: Server started on port 5000
2026-02-20 12:44:47 [INFO]: GET /api/stats/summary - IP: ::ffff:127.0.0.1
2026-02-20 12:56:38 [INFO]: Server started on port 5000
2026-02-20 12:56:50 [INFO]: Server started on port 5000
2026-02-20 12:57:18 [INFO]: Server started on port 5000
2026-02-20 12:57:36 [INFO]: Server started on port 5000
2026-02-20 12:57:56 [INFO]: Server started on port 5000
2026-02-20 12:58:17 [INFO]: Server started on port 5000
2026-02-20 12:58:42 [INFO]: Server started on port 5000
2026-02-20 12:58:58 [INFO]: Server started on port 5000
2026-02-20 13:00:57 [INFO]: Server started on port 5000
2026-02-20 13:12:34 [INFO]: Server started on port 5000
2026-02-20 15:27:19 [INFO]: Server started on port 5000
2026-02-20 15:30:32 [INFO]: Server started on port 5000
2026-02-20 15:31:22 [INFO]: GET /api/stats/summary?month=2&year=2026 - IP: ::1
2026-02-20 15:34:46 [INFO]: Server started on port 5000
2026-02-20 15:35:09 [INFO]: Server started on port 5000
2026-02-20 15:35:56 [INFO]: POST /api/users/login - IP: ::1
2026-02-20 15:35:56 [INFO]: Login attempt: appu1@gmail.com
2026-02-20 15:35:56 [INFO]: User logged in: appu1@gmail.com
