2026-03-01 00:00:24 [INFO]: Server started on port 5000
2026-03-01 00:01:40 [INFO]: POST /api/users/logout - IP: ::1
2026-03-01 00:01:40 [INFO]: POST /api/users/refresh - IP: ::1
2026-03-01 00:01:45 [INFO]: POST /api/users/login - IP: ::1
2026-03-01 00:01:53 [INFO]: POST /api/users/login - IP: ::1
2026-03-01 00:01:53 [INFO]: Login attempt: appu@gmail.com
2026-03-01 00:01:53 [INFO]: User logged in: appu@gmail.com
2026-03-01 00:01:53 [INFO]: GET /api/stats/summary?year=2026&month=2 - IP: ::1
2026-03-01 00:01:53 [INFO]: GET /api/stats/summary?year=2026&month=2 - IP: ::1
2026-03-01 00:02:32 [INFO]: GET /api/category/category-list - IP: ::1
2026-03-01 00:02:32 [INFO]: GET /api/category/category-list - IP: ::1
2026-03-01 00:02:54 [INFO]: Server started on port 5000
2026-03-01 00:03:01 [INFO]: Server started on port 5000
2026-03-01 00:03:11 [INFO]: GET /api/transaction/transactions-list - IP: ::1
2026-03-01 00:03:11 [INFO]: GET /api/category/category-list - IP: ::1
2026-03-01 00:03:11 [INFO]: GET /api/transaction/transactions-list - IP: ::1
2026-03-01 00:03:11 [INFO]: GET /api/category/category-list - IP: ::1
2026-03-01 00:06:05 [INFO]: GET /api/category/category-list - IP: ::1
2026-03-01 00:06:05 [INFO]: GET /api/category/category-list - IP: ::1
2026-03-01 00:07:52 [INFO]: POST /api/users/logout - IP: ::1
2026-03-01 00:07:52 [INFO]: POST /api/users/refresh - IP: ::1
2026-03-01 00:08:23 [INFO]: Server started on port 5000
2026-03-01 00:08:40 [INFO]: GET /api/users/me - IP: ::1
2026-03-01 00:08:41 [INFO]: POST /api/users/refresh - IP: ::1
2026-03-01 00:08:41 [INFO]: GET /api/users/me - IP: ::1
2026-03-01 00:08:41 [INFO]: POST /api/users/refresh - IP: ::1
2026-03-01 00:08:53 [INFO]: POST /api/users/login - IP: ::1
2026-03-01 00:08:53 [INFO]: Login attempt: appu@gmail.com
2026-03-01 00:08:53 [INFO]: User logged in: appu@gmail.com
2026-03-01 00:08:55 [INFO]: GET /api/stats/summary?year=2026&month=2 - IP: ::1
2026-03-01 00:08:55 [INFO]: GET /api/stats/summary?year=2026&month=2 - IP: ::1
2026-03-01 00:09:04 [INFO]: GET /api/category/category-list - IP: ::1
2026-03-01 00:09:04 [INFO]: GET /api/category/category-list - IP: ::1
2026-03-01 00:10:25 [INFO]: GET /api/users/me - IP: ::1
2026-03-01 00:10:25 [INFO]: GET /api/users/me - IP: ::1
2026-03-01 00:10:25 [INFO]: POST /api/users/refresh - IP: ::1
2026-03-01 00:10:25 [INFO]: POST /api/users/refresh - IP: ::1
2026-03-01 00:10:25 [INFO]: GET /api/users/me - IP: ::1
2026-03-01 00:10:42 [INFO]: GET /api/users/me - IP: ::1
2026-03-01 00:10:42 [INFO]: GET /api/users/me - IP: ::1
2026-03-01 00:10:42 [INFO]: POST /api/users/refresh - IP: ::1
2026-03-01 00:10:42 [INFO]: POST /api/users/refresh - IP: ::1
2026-03-01 00:10:42 [INFO]: GET /api/users/me - IP: ::1
2026-03-01 00:10:49 [INFO]: POST /api/users/login - IP: ::1
2026-03-01 00:10:49 [INFO]: Login attempt: appu@gmail.com
2026-03-01 00:10:49 [INFO]: User logged in: appu@gmail.com
2026-03-01 00:10:50 [INFO]: GET /api/stats/summary?year=2026&month=2 - IP: ::1
2026-03-01 00:10:50 [INFO]: GET /api/stats/summary?year=2026&month=2 - IP: ::1
2026-03-01 00:10:54 [INFO]: GET /api/category/category-list - IP: ::1
2026-03-01 00:10:54 [INFO]: GET /api/category/category-list - IP: ::1
2026-03-01 00:12:13 [INFO]: GET /api/stats/summary?year=2026&month=2 - IP: ::1
2026-03-01 00:12:13 [INFO]: GET /api/stats/summary?year=2026&month=2 - IP: ::1
2026-03-01 00:12:13 [INFO]: POST /api/users/refresh - IP: ::1
2026-03-01 00:12:13 [INFO]: POST /api/users/refresh - IP: ::1
2026-03-01 00:12:13 [INFO]: GET /api/stats/summary?year=2026&month=2 - IP: ::1
2026-03-01 00:12:13 [INFO]: GET /api/stats/summary?year=2026&month=2 - IP: ::1
2026-03-01 00:14:11 [INFO]: GET /api/users/me - IP: ::1
2026-03-01 00:14:11 [INFO]: POST /api/users/refresh - IP: ::1
2026-03-01 00:14:11 [INFO]: GET /api/users/me - IP: ::1
2026-03-01 00:14:18 [INFO]: GET /api/users/me - IP: ::1
2026-03-01 00:14:18 [INFO]: GET /api/users/me - IP: ::1
2026-03-01 00:14:18 [INFO]: POST /api/users/refresh - IP: ::1
2026-03-01 00:14:18 [INFO]: POST /api/users/refresh - IP: ::1
2026-03-01 00:14:18 [INFO]: GET /api/users/me - IP: ::1
2026-03-01 00:14:18 [INFO]: GET /api/users/me - IP: ::1
2026-03-01 00:14:30 [INFO]: GET /api/users/me - IP: ::1
2026-03-01 00:14:30 [INFO]: GET /api/users/me - IP: ::1
2026-03-01 00:14:30 [INFO]: POST /api/users/refresh - IP: ::1
2026-03-01 00:14:38 [INFO]: GET /api/users/me - IP: ::1
2026-03-01 00:14:38 [INFO]: GET /api/users/me - IP: ::1
2026-03-01 00:14:38 [INFO]: POST /api/users/refresh - IP: ::1
2026-03-01 00:14:38 [INFO]: POST /api/users/refresh - IP: ::1
2026-03-01 00:14:38 [INFO]: GET /api/users/me - IP: ::1
2026-03-01 00:18:03 [INFO]: Server started on port 5000
2026-03-01 00:18:17 [INFO]: GET /api/users/me - IP: ::1
2026-03-01 00:18:17 [INFO]: GET /api/users/me - IP: ::1
2026-03-01 00:18:17 [INFO]: POST /api/users/refresh - IP: ::1
2026-03-01 00:18:17 [INFO]: POST /api/users/refresh - IP: ::1
2026-03-01 00:18:39 [INFO]: POST /api/users/login - IP: ::1
2026-03-01 00:18:39 [INFO]: Login attempt: appu@gmail.com
2026-03-01 00:18:39 [INFO]: User logged in: appu@gmail.com
2026-03-01 00:18:40 [INFO]: GET /api/stats/summary?year=2026&month=2 - IP: ::1
2026-03-01 00:18:40 [INFO]: GET /api/stats/summary?year=2026&month=2 - IP: ::1
2026-03-01 00:18:50 [INFO]: GET /api/category/category-list - IP: ::1
2026-03-01 00:18:50 [INFO]: GET /api/category/category-list - IP: ::1
2026-03-01 00:18:54 [INFO]: GET /api/category/category-list - IP: ::1
2026-03-01 00:18:54 [INFO]: GET /api/transaction/transactions-list - IP: ::1
2026-03-01 00:18:54 [INFO]: GET /api/transaction/transactions-list - IP: ::1
2026-03-01 00:18:54 [INFO]: GET /api/category/category-list - IP: ::1
2026-03-01 00:19:10 [INFO]: GET /api/category/category-list - IP: ::1
2026-03-01 00:19:10 [INFO]: GET /api/category/category-list - IP: ::1
2026-03-01 00:19:13 [INFO]: GET /api/category/category-list - IP: ::1
2026-03-01 00:19:13 [INFO]: GET /api/transaction/transactions-list - IP: ::1
2026-03-01 00:19:13 [INFO]: GET /api/transaction/transactions-list - IP: ::1
2026-03-01 00:19:13 [INFO]: GET /api/category/category-list - IP: ::1
2026-03-01 01:27:19 [INFO]: GET /api/users/me - IP: ::1
2026-03-01 01:27:19 [INFO]: GET /api/users/me - IP: ::1
2026-03-01 01:27:19 [INFO]: POST /api/users/refresh - IP: ::1
2026-03-01 01:27:19 [INFO]: POST /api/users/refresh - IP: ::1
2026-03-01 01:27:19 [INFO]: GET /api/users/me - IP: ::1
2026-03-01 01:32:51 [INFO]: Server started on port 5000
2026-03-01 01:32:56 [INFO]: Server started on port 5000
2026-03-01 01:33:17 [INFO]: Server started on port 5000
2026-03-01 01:33:25 [INFO]: POST /api/users/login - IP: ::1
2026-03-01 01:33:26 [INFO]: Login attempt: appu@gmail.com
2026-03-01 01:33:26 [INFO]: User logged in: appu@gmail.com
2026-03-01 01:33:26 [INFO]: GET /api/stats/summary?year=2026&month=2 - IP: ::1
2026-03-01 01:33:26 [INFO]: GET /api/stats/summary?year=2026&month=2 - IP: ::1
2026-03-01 01:33:31 [INFO]: GET /api/category/category-list - IP: ::1
2026-03-01 01:33:32 [INFO]: GET /api/category/category-list - IP: ::1
2026-03-01 01:33:35 [INFO]: GET /api/category/category-list - IP: ::1
2026-03-01 01:33:35 [INFO]: GET /api/transaction/transactions-list - IP: ::1
2026-03-01 01:33:35 [INFO]: GET /api/category/category-list - IP: ::1
2026-03-01 01:33:35 [INFO]: GET /api/transaction/transactions-list - IP: ::1
2026-03-01 01:34:03 [INFO]: GET /api/category/category-list - IP: ::1
2026-03-01 01:34:03 [INFO]: GET /api/category/category-list - IP: ::1
2026-03-01 01:34:54 [INFO]: GET /api/stats/summary?year=2026&month=2 - IP: ::1
2026-03-01 01:34:54 [INFO]: GET /api/stats/summary?year=2026&month=2 - IP: ::1
2026-03-01 01:34:54 [INFO]: POST /api/users/refresh - IP: ::1
2026-03-01 01:34:54 [INFO]: POST /api/users/refresh - IP: ::1
2026-03-01 01:34:54 [INFO]: GET /api/stats/summary?year=2026&month=2 - IP: ::1
2026-03-01 01:34:54 [INFO]: GET /api/stats/summary?year=2026&month=2 - IP: ::1
2026-03-01 01:34:58 [INFO]: GET /api/stats/summary?year=2026&month=1 - IP: ::1
2026-03-01 01:34:58 [INFO]: POST /api/users/refresh - IP: ::1
2026-03-01 01:34:58 [INFO]: GET /api/stats/summary?year=2026&month=1 - IP: ::1
2026-03-01 01:36:53 [INFO]: GET /api/stats/summary?year=2026&month=2 - IP: ::1
2026-03-01 01:36:53 [INFO]: POST /api/users/refresh - IP: ::1
2026-03-01 01:36:53 [INFO]: GET /api/stats/summary?year=2026&month=2 - IP: ::1
2026-03-01 01:39:44 [INFO]: GET /api/category/category-list - IP: ::1
2026-03-01 01:39:44 [INFO]: GET /api/category/category-list - IP: ::1
2026-03-01 01:39:44 [INFO]: POST /api/users/refresh - IP: ::1
2026-03-01 01:39:44 [INFO]: POST /api/users/refresh - IP: ::1
2026-03-01 01:39:44 [INFO]: GET /api/category/category-list - IP: ::1
2026-03-01 01:39:44 [INFO]: GET /api/category/category-list - IP: ::1
2026-03-01 01:39:49 [INFO]: GET /api/transaction/transactions-list - IP: ::1
2026-03-01 01:39:49 [INFO]: GET /api/category/category-list - IP: ::1
2026-03-01 01:39:49 [INFO]: GET /api/transaction/transactions-list - IP: ::1
2026-03-01 01:39:49 [INFO]: POST /api/users/refresh - IP: ::1
2026-03-01 01:39:49 [INFO]: POST /api/users/refresh - IP: ::1
2026-03-01 01:39:49 [INFO]: GET /api/category/category-list - IP: ::1
2026-03-01 01:39:49 [INFO]: POST /api/users/refresh - IP: ::1
2026-03-01 01:39:49 [INFO]: POST /api/users/refresh - IP: ::1
2026-03-01 01:39:49 [INFO]: GET /api/transaction/transactions-list - IP: ::1
2026-03-01 01:39:49 [INFO]: GET /api/category/category-list - IP: ::1
2026-03-01 01:40:01 [INFO]: POST /api/users/login - IP: ::1
2026-03-01 01:40:01 [INFO]: Login attempt: appu@gmail.com
2026-03-01 01:40:01 [INFO]: User logged in: appu@gmail.com
2026-03-01 01:40:02 [INFO]: GET /api/stats/summary?year=2026&month=2 - IP: ::1
2026-03-01 01:40:02 [INFO]: GET /api/stats/summary?year=2026&month=2 - IP: ::1
2026-03-01 01:41:20 [INFO]: GET /api/stats/summary?year=2026&month=2 - IP: ::1
2026-03-01 01:41:20 [INFO]: GET /api/stats/summary?year=2026&month=2 - IP: ::1
2026-03-01 01:41:20 [INFO]: POST /api/users/refresh - IP: ::1
2026-03-01 01:41:20 [INFO]: POST /api/users/refresh - IP: ::1
2026-03-01 01:41:20 [INFO]: GET /api/stats/summary?year=2026&month=2 - IP: ::1
2026-03-01 01:41:20 [INFO]: GET /api/stats/summary?year=2026&month=2 - IP: ::1
2026-03-01 01:44:26 [INFO]: GET /api/category/category-list - IP: ::1
2026-03-01 01:44:26 [INFO]: GET /api/category/category-list - IP: ::1
2026-03-01 01:44:26 [INFO]: POST /api/users/refresh - IP: ::1
2026-03-01 01:44:26 [INFO]: POST /api/users/refresh - IP: ::1
2026-03-01 01:44:26 [INFO]: GET /api/category/category-list - IP: ::1
2026-03-01 01:44:26 [INFO]: GET /api/category/category-list - IP: ::1
2026-03-01 01:44:49 [INFO]: GET /api/transaction/transactions-list - IP: ::1
2026-03-01 01:44:49 [INFO]: GET /api/category/category-list - IP: ::1
2026-03-01 01:44:49 [INFO]: POST /api/users/refresh - IP: ::1
2026-03-01 01:44:49 [INFO]: GET /api/transaction/transactions-list - IP: ::1
2026-03-01 01:44:49 [INFO]: GET /api/category/category-list - IP: ::1
2026-03-01 01:44:49 [INFO]: POST /api/users/refresh - IP: ::1
2026-03-01 01:44:49 [INFO]: POST /api/users/refresh - IP: ::1
2026-03-01 01:44:49 [INFO]: POST /api/users/refresh - IP: ::1
2026-03-01 01:44:49 [INFO]: GET /api/transaction/transactions-list - IP: ::1
2026-03-01 01:45:47 [INFO]: POST /api/users/login - IP: ::1
2026-03-01 01:45:47 [INFO]: Login attempt: appu@gmail.com
2026-03-01 01:45:47 [INFO]: User logged in: appu@gmail.com
2026-03-01 01:45:48 [INFO]: GET /api/stats/summary?year=2026&month=2 - IP: ::1
2026-03-01 01:45:48 [INFO]: GET /api/stats/summary?year=2026&month=2 - IP: ::1
2026-03-01 01:46:20 [INFO]: GET /api/category/category-list - IP: ::1
2026-03-01 01:46:20 [INFO]: GET /api/category/category-list - IP: ::1
2026-03-01 01:46:29 [INFO]: GET /api/category/category-list - IP: ::1
2026-03-01 01:46:29 [INFO]: GET /api/transaction/transactions-list - IP: ::1
2026-03-01 01:46:29 [INFO]: GET /api/category/category-list - IP: ::1
2026-03-01 01:46:29 [INFO]: GET /api/transaction/transactions-list - IP: ::1
2026-03-01 01:46:44 [INFO]: PUT /api/transaction/699c68978f802e4186435672 - IP: ::1
2026-03-01 01:49:45 [INFO]: GET /api/category/category-list - IP: ::1
2026-03-01 01:49:45 [INFO]: POST /api/users/refresh - IP: ::1
2026-03-01 01:49:45 [INFO]: GET /api/category/category-list - IP: ::1
2026-03-01 01:49:45 [INFO]: POST /api/users/refresh - IP: ::1
2026-03-01 01:49:45 [INFO]: GET /api/category/category-list - IP: ::1
2026-03-01 01:57:28 [INFO]: POST /api/users/login - IP: ::1
2026-03-01 01:57:29 [INFO]: Login attempt: appu@gmail.com
2026-03-01 01:57:29 [INFO]: User logged in: appu@gmail.com
2026-03-01 01:58:36 [INFO]: GET /api/category/category-list?page=1&limit=10&search=gaming - IP: ::1
2026-03-01 01:59:20 [INFO]: GET /api/category/category-list?page=1&limit=10&search=gaming - IP: ::1
2026-03-01 02:04:16 [INFO]: GET /api/users/me - IP: ::1
2026-03-01 02:04:16 [INFO]: GET /api/users/me - IP: ::1
2026-03-01 02:04:16 [INFO]: POST /api/users/refresh - IP: ::1
2026-03-01 02:04:16 [INFO]: POST /api/users/refresh - IP: ::1
2026-03-01 02:04:30 [INFO]: POST /api/users/login - IP: ::1
2026-03-01 02:04:30 [INFO]: Login attempt: appu@gmail.com
2026-03-01 02:04:30 [INFO]: User logged in: appu@gmail.com
2026-03-01 02:04:31 [INFO]: GET /api/stats/summary?year=2026&month=2 - IP: ::1
2026-03-01 02:04:31 [INFO]: GET /api/stats/summary?year=2026&month=2 - IP: ::1
2026-03-01 02:04:39 [INFO]: GET /api/category/category-list - IP: ::1
2026-03-01 02:04:39 [INFO]: GET /api/category/category-list - IP: ::1
2026-03-01 02:05:32 [INFO]: GET /api/transaction/transactions-list - IP: ::1
2026-03-01 02:05:32 [INFO]: GET /api/category/category-list - IP: ::1
2026-03-01 02:05:32 [INFO]: GET /api/transaction/transactions-list - IP: ::1
2026-03-01 02:05:32 [INFO]: GET /api/category/category-list - IP: ::1
2026-03-01 02:05:32 [INFO]: POST /api/users/refresh - IP: ::1
2026-03-01 02:05:32 [INFO]: POST /api/users/refresh - IP: ::1
2026-03-01 02:05:32 [INFO]: POST /api/users/refresh - IP: ::1
2026-03-01 02:05:32 [INFO]: POST /api/users/refresh - IP: ::1
2026-03-01 02:05:32 [INFO]: GET /api/transaction/transactions-list - IP: ::1
2026-03-01 02:05:32 [INFO]: GET /api/transaction/transactions-list - IP: ::1
2026-03-01 02:05:32 [INFO]: GET /api/category/category-list - IP: ::1
2026-03-01 02:07:29 [INFO]: GET /api/users/me - IP: ::1
2026-03-01 02:07:29 [INFO]: POST /api/users/refresh - IP: ::1
2026-03-01 02:07:29 [INFO]: GET /api/users/me - IP: ::1
2026-03-01 02:07:29 [INFO]: POST /api/users/refresh - IP: ::1
2026-03-01 02:07:29 [INFO]: GET /api/users/me - IP: ::1
2026-03-01 02:07:30 [INFO]: GET /api/users/me - IP: ::1
2026-03-01 02:07:31 [INFO]: GET /api/stats/summary?year=2026&month=2 - IP: ::1
2026-03-01 02:07:31 [INFO]: GET /api/stats/summary?year=2026&month=2 - IP: ::1
2026-03-01 02:07:37 [INFO]: POST /api/users/logout - IP: ::1
2026-03-01 02:07:37 [INFO]: GET /api/stats/summary?year=2026&month=2 - IP: ::1
2026-03-01 02:07:38 [INFO]: GET /api/stats/summary?year=2026&month=2 - IP: ::1
2026-03-01 02:07:43 [INFO]: POST /api/users/logout - IP: ::1
2026-03-01 02:07:43 [INFO]: GET /api/stats/summary?year=2026&month=2 - IP: ::1
2026-03-01 02:07:43 [INFO]: GET /api/stats/summary?year=2026&month=2 - IP: ::1
2026-03-01 02:07:53 [INFO]: GET /api/users/me - IP: ::1
2026-03-01 02:07:53 [INFO]: GET /api/users/me - IP: ::1
2026-03-01 02:07:53 [INFO]: POST /api/users/refresh - IP: ::1
2026-03-01 02:07:53 [INFO]: POST /api/users/refresh - IP: ::1
2026-03-01 02:08:01 [INFO]: POST /api/users/login - IP: ::1
2026-03-01 02:08:01 [INFO]: Login attempt: appu@gmail.com
2026-03-01 02:08:01 [INFO]: User logged in: appu@gmail.com
2026-03-01 02:08:02 [INFO]: GET /api/stats/summary?year=2026&month=2 - IP: ::1
2026-03-01 02:08:02 [INFO]: GET /api/stats/summary?year=2026&month=2 - IP: ::1
2026-03-01 02:08:09 [INFO]: GET /api/category/category-list - IP: ::1
2026-03-01 02:08:09 [INFO]: GET /api/transaction/transactions-list - IP: ::1
2026-03-01 02:08:09 [INFO]: GET /api/category/category-list - IP: ::1
2026-03-01 02:08:09 [INFO]: GET /api/transaction/transactions-list - IP: ::1
2026-03-01 02:09:04 [INFO]: GET /api/category/category-list - IP: ::1
2026-03-01 02:09:04 [INFO]: GET /api/category/category-list - IP: ::1
2026-03-01 02:09:04 [INFO]: POST /api/users/refresh - IP: ::1
2026-03-01 02:09:05 [INFO]: POST /api/users/refresh - IP: ::1
2026-03-01 02:09:05 [INFO]: GET /api/category/category-list - IP: ::1
2026-03-01 02:09:05 [INFO]: GET /api/category/category-list - IP: ::1
2026-03-01 02:09:25 [INFO]: GET /api/transaction/transactions-list - IP: ::1
2026-03-01 02:09:25 [INFO]: GET /api/category/category-list - IP: ::1
2026-03-01 02:09:25 [INFO]: GET /api/transaction/transactions-list - IP: ::1
2026-03-01 02:09:25 [INFO]: GET /api/category/category-list - IP: ::1
2026-03-01 02:09:35 [INFO]: POST /api/users/logout - IP: ::1
2026-03-01 02:09:36 [INFO]: GET /api/stats/summary?year=2026&month=2 - IP: ::1
2026-03-01 02:09:36 [INFO]: GET /api/stats/summary?year=2026&month=2 - IP: ::1
2026-03-01 02:11:14 [INFO]: GET /api/users/me - IP: ::1
2026-03-01 02:11:14 [INFO]: GET /api/users/me - IP: ::1
2026-03-01 02:11:14 [INFO]: POST /api/users/refresh - IP: ::1
2026-03-01 02:11:14 [INFO]: POST /api/users/refresh - IP: ::1
2026-03-01 02:11:20 [INFO]: POST /api/users/login - IP: ::1
2026-03-01 02:11:27 [INFO]: POST /api/users/login - IP: ::1
2026-03-01 02:11:27 [INFO]: Login attempt: appu@gmail.com
2026-03-01 02:11:27 [INFO]: User logged in: appu@gmail.com
2026-03-01 02:11:28 [INFO]: GET /api/stats/summary?year=2026&month=2 - IP: ::1
2026-03-01 02:11:28 [INFO]: GET /api/stats/summary?year=2026&month=2 - IP: ::1
2026-03-01 02:11:44 [INFO]: GET /api/transaction/transactions-list - IP: ::1
2026-03-01 02:11:44 [INFO]: GET /api/category/category-list - IP: ::1
2026-03-01 02:11:44 [INFO]: GET /api/transaction/transactions-list - IP: ::1
2026-03-01 02:11:44 [INFO]: GET /api/category/category-list - IP: ::1
2026-03-01 02:11:51 [INFO]: GET /api/category/category-list - IP: ::1
2026-03-01 02:11:51 [INFO]: GET /api/category/category-list - IP: ::1
2026-03-01 02:11:54 [INFO]: GET /api/category/category-list - IP: ::1
2026-03-01 02:11:54 [INFO]: GET /api/transaction/transactions-list - IP: ::1
2026-03-01 02:11:54 [INFO]: GET /api/category/category-list - IP: ::1
2026-03-01 02:11:54 [INFO]: GET /api/transaction/transactions-list - IP: ::1
2026-03-01 02:13:03 [INFO]: GET /api/category/category-list - IP: ::1
2026-03-01 02:13:03 [INFO]: GET /api/category/category-list - IP: ::1
2026-03-01 02:13:03 [INFO]: POST /api/users/refresh - IP: ::1
2026-03-01 02:13:03 [INFO]: POST /api/users/refresh - IP: ::1
2026-03-01 02:13:03 [INFO]: GET /api/category/category-list - IP: ::1
2026-03-01 02:13:03 [INFO]: GET /api/category/category-list - IP: ::1
2026-03-01 02:13:33 [INFO]: GET /api/transaction/transactions-list - IP: ::1
2026-03-01 02:13:33 [INFO]: GET /api/category/category-list - IP: ::1
2026-03-01 02:13:33 [INFO]: GET /api/transaction/transactions-list - IP: ::1
2026-03-01 02:13:33 [INFO]: GET /api/category/category-list - IP: ::1
2026-03-01 02:13:40 [INFO]: POST /api/users/logout - IP: ::1
2026-03-01 02:13:41 [INFO]: GET /api/stats/summary?year=2026&month=2 - IP: ::1
2026-03-01 02:13:41 [INFO]: GET /api/stats/summary?year=2026&month=2 - IP: ::1
2026-03-01 02:15:11 [INFO]: GET /api/users/me - IP: ::1
2026-03-01 02:15:11 [INFO]: GET /api/users/me - IP: ::1
2026-03-01 02:15:11 [INFO]: POST /api/users/refresh - IP: ::1
2026-03-01 02:15:11 [INFO]: POST /api/users/refresh - IP: ::1
2026-03-01 02:15:18 [INFO]: POST /api/users/login - IP: ::1
2026-03-01 02:15:18 [INFO]: Login attempt: appu@gmail.com
2026-03-01 02:15:18 [INFO]: User logged in: appu@gmail.com
2026-03-01 02:15:19 [INFO]: GET /api/stats/summary?year=2026&month=2 - IP: ::1
2026-03-01 02:15:19 [INFO]: GET /api/stats/summary?year=2026&month=2 - IP: ::1
2026-03-01 02:15:23 [INFO]: GET /api/transaction/transactions-list - IP: ::1
2026-03-01 02:15:23 [INFO]: GET /api/category/category-list - IP: ::1
2026-03-01 02:15:23 [INFO]: GET /api/transaction/transactions-list - IP: ::1
2026-03-01 02:15:23 [INFO]: GET /api/category/category-list - IP: ::1
2026-03-01 02:16:07 [INFO]: GET /api/category/category-list - IP: ::1
2026-03-01 02:16:08 [INFO]: GET /api/category/category-list - IP: ::1
2026-03-01 02:16:11 [INFO]: GET /api/category/category-list - IP: ::1
2026-03-01 02:16:11 [INFO]: GET /api/transaction/transactions-list - IP: ::1
2026-03-01 02:16:12 [INFO]: GET /api/category/category-list - IP: ::1
2026-03-01 02:16:12 [INFO]: GET /api/transaction/transactions-list - IP: ::1
2026-03-01 02:16:31 [INFO]: GET /api/category/category-list - IP: ::1
2026-03-01 02:16:31 [INFO]: GET /api/category/category-list - IP: ::1
2026-03-01 02:16:31 [INFO]: POST /api/users/refresh - IP: ::1
2026-03-01 02:16:31 [INFO]: POST /api/users/refresh - IP: ::1
2026-03-01 02:16:31 [INFO]: GET /api/category/category-list - IP: ::1
2026-03-01 02:16:31 [INFO]: GET /api/category/category-list - IP: ::1
2026-03-01 02:16:59 [INFO]: POST /api/users/logout - IP: ::1
2026-03-01 02:17:00 [INFO]: GET /api/stats/summary?year=2026&month=2 - IP: ::1
2026-03-01 02:17:00 [INFO]: GET /api/stats/summary?year=2026&month=2 - IP: ::1
2026-03-01 02:19:58 [INFO]: GET /api/category/category-list - IP: ::1
2026-03-01 02:19:58 [INFO]: GET /api/category/category-list - IP: ::1
2026-03-01 02:19:58 [INFO]: POST /api/users/refresh - IP: ::1
2026-03-01 02:19:58 [INFO]: POST /api/users/refresh - IP: ::1
2026-03-01 10:27:08 [INFO]: Server started on port 5000
2026-03-01 10:27:23 [INFO]: GET /api/users/me - IP: ::1
2026-03-01 10:27:23 [INFO]: POST /api/users/refresh - IP: ::1
2026-03-01 10:27:23 [INFO]: GET /api/users/me - IP: ::1
2026-03-01 10:27:23 [INFO]: POST /api/users/refresh - IP: ::1
2026-03-01 10:33:51 [INFO]: GET /api/users/me - IP: ::1
2026-03-01 10:33:51 [INFO]: GET /api/users/me - IP: ::1
2026-03-01 10:33:51 [INFO]: POST /api/users/refresh - IP: ::1
2026-03-01 10:33:51 [INFO]: POST /api/users/refresh - IP: ::1
2026-03-01 10:35:05 [INFO]: POST /api/users/login - IP: ::1
2026-03-01 10:35:05 [INFO]: Login attempt: appu@gmail.com
2026-03-01 10:35:05 [INFO]: User logged in: appu@gmail.com
2026-03-01 10:35:06 [INFO]: GET /api/stats/summary?year=2026&month=2 - IP: ::1
2026-03-01 10:35:06 [INFO]: GET /api/stats/summary?year=2026&month=2 - IP: ::1
2026-03-01 10:35:15 [INFO]: POST /api/users/logout - IP: ::1
2026-03-01 10:35:15 [INFO]: POST /api/users/refresh - IP: ::1
2026-03-01 10:35:15 [INFO]: POST /api/users/logout - IP: ::1
2026-03-01 10:35:49 [INFO]: GET /api/users/me - IP: ::1
2026-03-01 10:35:49 [INFO]: GET /api/users/me - IP: ::1
2026-03-01 10:35:49 [INFO]: POST /api/users/refresh - IP: ::1
2026-03-01 10:35:49 [INFO]: POST /api/users/refresh - IP: ::1
2026-03-01 10:39:26 [INFO]: GET /api/users/me - IP: ::1
2026-03-01 10:39:26 [INFO]: GET /api/users/me - IP: ::1
2026-03-01 10:39:26 [INFO]: POST /api/users/refresh - IP: ::1
2026-03-01 10:39:26 [INFO]: POST /api/users/refresh - IP: ::1
2026-03-01 10:39:33 [INFO]: POST /api/users/login - IP: ::1
2026-03-01 10:39:34 [INFO]: Login attempt: appu@gmail.com
2026-03-01 10:39:34 [INFO]: User logged in: appu@gmail.com
2026-03-01 10:39:35 [INFO]: GET /api/stats/summary?year=2026&month=2 - IP: ::1
2026-03-01 10:39:35 [INFO]: GET /api/stats/summary?year=2026&month=2 - IP: ::1
2026-03-01 10:39:43 [INFO]: GET /api/category/category-list - IP: ::1
2026-03-01 10:39:43 [INFO]: GET /api/category/category-list - IP: ::1
2026-03-01 10:39:45 [INFO]: GET /api/category/category-list - IP: ::1
2026-03-01 10:39:45 [INFO]: GET /api/transaction/transactions-list - IP: ::1
2026-03-01 10:39:45 [INFO]: GET /api/category/category-list - IP: ::1
2026-03-01 10:39:45 [INFO]: GET /api/transaction/transactions-list - IP: ::1
2026-03-01 10:39:50 [INFO]: POST /api/users/logout - IP: ::1
2026-03-01 10:39:50 [INFO]: POST /api/users/refresh - IP: ::1
2026-03-01 10:39:50 [INFO]: POST /api/users/logout - IP: ::1
2026-03-01 11:08:31 [INFO]: GET /api/users/me - IP: ::1
2026-03-01 11:08:31 [INFO]: GET /api/users/me - IP: ::1
2026-03-01 11:08:31 [INFO]: POST /api/users/refresh - IP: ::1
2026-03-01 11:08:31 [INFO]: POST /api/users/refresh - IP: ::1
2026-03-01 11:08:58 [INFO]: GET /api/users/me - IP: ::1
2026-03-01 11:08:58 [INFO]: GET /api/users/me - IP: ::1
2026-03-01 11:08:58 [INFO]: POST /api/users/refresh - IP: ::1
2026-03-01 11:08:58 [INFO]: POST /api/users/refresh - IP: ::1
2026-03-01 11:09:18 [INFO]: POST /api/users/login - IP: ::1
2026-03-01 11:09:18 [INFO]: Login attempt: appu@gmail.com
2026-03-01 11:09:18 [INFO]: User logged in: appu@gmail.com
2026-03-01 11:09:19 [INFO]: GET /api/stats/summary?year=2026&month=2 - IP: ::1
2026-03-01 11:09:19 [INFO]: GET /api/stats/summary?year=2026&month=2 - IP: ::1
2026-03-01 11:09:26 [INFO]: POST /api/users/logout - IP: ::1
2026-03-01 11:12:16 [INFO]: GET /api/users/me - IP: ::1
2026-03-01 11:12:16 [INFO]: GET /api/users/me - IP: ::1
2026-03-01 11:12:16 [INFO]: POST /api/users/refresh - IP: ::1
2026-03-01 11:12:16 [INFO]: POST /api/users/refresh - IP: ::1
2026-03-01 11:14:18 [INFO]: Server started on port 5000
2026-03-01 11:15:14 [INFO]: Server started on port 5000
2026-03-01 11:16:04 [INFO]: Server started on port 5000
2026-03-01 11:16:26 [INFO]: Server started on port 5000
2026-03-01 11:17:02 [INFO]: Server started on port 5000
2026-03-01 12:05:07 [INFO]: GET /api/users/me - IP: ::1
2026-03-01 12:05:07 [INFO]: GET /api/users/me - IP: ::1
2026-03-01 12:05:07 [INFO]: POST /api/users/refresh - IP: ::1
2026-03-01 12:05:07 [INFO]: POST /api/users/refresh - IP: ::1
2026-03-01 19:28:49 [INFO]: GET /api/users/me - IP: ::1
2026-03-01 19:28:49 [INFO]: GET /api/users/me - IP: ::1
2026-03-01 19:28:49 [INFO]: POST /api/users/refresh - IP: ::1
2026-03-01 19:28:49 [INFO]: POST /api/users/refresh - IP: ::1
2026-03-01 19:51:22 [INFO]: Server started on port 5000
